TN:
SF:game\auto-loop.js
FN:3,startAutoLoop
FN:4,stopAutoLoop
FN:5,isAutoLoopRunning
FN:6,setAutoLoopSpeed
FN:7,getAutoLoopSpeed
FN:8,stepAutoMove
FNF:6
FNH:0
FNDA:0,startAutoLoop
FNDA:0,stopAutoLoop
FNDA:0,isAutoLoopRunning
FNDA:0,setAutoLoopSpeed
FNDA:0,getAutoLoopSpeed
FNDA:0,stepAutoMove
DA:3,0
DA:4,0
DA:5,0
DA:6,0
DA:7,0
DA:8,0
DA:10,0
DA:11,0
LF:8
LH:0
BRDA:10,0,0,0
BRDA:10,0,1,0
BRDA:10,1,0,0
BRDA:10,1,1,0
BRF:4
BRH:0
end_of_record
TN:
SF:game\auto.js
FN:14,delay
FN:15,(anonymous_1)
FN:18,isEnabled
FN:22,enable
FN:26,(anonymous_4)
FN:32,disable
FN:39,toggle
FN:43,setIntervalMs
FN:47,getIntervalMs
FN:51,_runLoop
FNF:10
FNH:8
FNDA:6,delay
FNDA:6,(anonymous_1)
FNDA:4,isEnabled
FNDA:4,enable
FNDA:0,(anonymous_4)
FNDA:5,disable
FNDA:1,toggle
FNDA:3,setIntervalMs
FNDA:0,getIntervalMs
FNDA:4,_runLoop
DA:10,2
DA:11,2
DA:12,2
DA:15,6
DA:19,4
DA:23,4
DA:24,4
DA:25,4
DA:26,4
DA:27,0
DA:28,0
DA:33,5
DA:34,3
DA:35,3
DA:36,3
DA:40,1
DA:44,3
DA:48,0
DA:52,4
DA:53,6
DA:55,6
DA:57,5
DA:59,3
DA:60,3
DA:61,3
DA:63,0
DA:69,0
DA:72,6
DA:77,2
DA:78,2
DA:89,2
DA:90,2
DA:91,2
DA:92,2
DA:93,2
DA:94,2
DA:95,2
DA:96,2
LF:38
LH:33
BRDA:23,0,0,0
BRDA:23,0,1,4
BRDA:33,1,0,2
BRDA:33,1,1,3
BRDA:35,2,0,3
BRDA:35,2,1,0
BRDA:40,3,0,0
BRDA:40,3,1,1
BRDA:44,4,0,3
BRDA:44,4,1,0
BRDA:52,5,0,7
BRDA:52,5,1,6
BRDA:55,6,0,5
BRDA:55,6,1,1
BRDA:55,7,0,6
BRDA:55,7,1,5
BRDA:55,7,2,5
BRDA:57,8,0,3
BRDA:57,8,1,2
BRDA:57,9,0,5
BRDA:57,9,1,3
BRDA:59,10,0,3
BRDA:59,10,1,0
BRDA:77,11,0,2
BRDA:77,11,1,0
BRDA:77,12,0,2
BRDA:77,12,1,2
BRDA:89,13,0,2
BRDA:89,13,1,0
BRDA:90,14,0,2
BRDA:90,14,1,2
BRF:31
BRH:24
end_of_record
TN:
SF:game\card-effects-applier.js
FNF:0
FNH:0
DA:6,0
DA:7,0
LF:2
LH:0
BRDA:6,0,0,0
BRDA:6,0,1,0
BRF:2
BRH:0
end_of_record
TN:
SF:game\controller-events.js
FN:8,emitGameEvent
FN:13,(anonymous_1)
FN:19,emitBoardUpdate
FN:24,(anonymous_3)
FN:28,emitGameStateChange
FN:33,(anonymous_5)
FN:34,(anonymous_6)
FN:38,emitCardStateChange
FN:43,(anonymous_8)
FNF:9
FNH:0
FNDA:0,emitGameEvent
FNDA:0,(anonymous_1)
FNDA:0,emitBoardUpdate
FNDA:0,(anonymous_3)
FNDA:0,emitGameStateChange
FNDA:0,(anonymous_5)
FNDA:0,(anonymous_6)
FNDA:0,emitCardStateChange
FNDA:0,(anonymous_8)
DA:9,0
DA:10,0
DA:13,0
DA:14,0
DA:20,0
DA:23,0
DA:24,0
DA:29,0
DA:32,0
DA:33,0
DA:34,0
DA:39,0
DA:42,0
DA:43,0
LF:14
LH:0
BRDA:8,0,0,0
BRDA:9,1,0,0
BRDA:9,1,1,0
BRDA:9,2,0,0
BRDA:9,2,1,0
BRDA:9,2,2,0
BRDA:14,3,0,0
BRDA:14,3,1,0
BRDA:20,4,0,0
BRDA:20,4,1,0
BRDA:20,5,0,0
BRDA:20,5,1,0
BRDA:24,6,0,0
BRDA:24,6,1,0
BRDA:29,7,0,0
BRDA:29,7,1,0
BRDA:29,8,0,0
BRDA:29,8,1,0
BRDA:33,9,0,0
BRDA:33,9,1,0
BRDA:34,10,0,0
BRDA:34,10,1,0
BRDA:39,11,0,0
BRDA:39,11,1,0
BRDA:39,12,0,0
BRDA:39,12,1,0
BRDA:43,13,0,0
BRDA:43,13,1,0
BRF:28
BRH:0
end_of_record
TN:
SF:game\cpu-decision.js
FN:17,(anonymous_0)
FN:18,setCpuRng
FN:20,selectCardFallback
FN:23,(anonymous_3)
FN:33,(anonymous_4)
FN:47,cpuMaybeUseCardWithPolicy
FN:81,(anonymous_6)
FN:97,(anonymous_7)
FN:109,(anonymous_8)
FN:110,(anonymous_9)
FN:111,(anonymous_10)
FN:130,(anonymous_11)
FN:147,selectCpuMoveWithPolicy
FN:171,cpuSelectDestroyWithPolicy
FN:182,(anonymous_14)
FN:202,(anonymous_15)
FN:203,(anonymous_16)
FN:229,cpuSelectInheritWillWithPolicy
FN:252,cpuSelectSwapWithEnemyWithPolicy
FN:275,cpuSelectTemptWillWithPolicy
FNF:20
FNH:7
FNDA:2,(anonymous_0)
FNDA:0,setCpuRng
FNDA:1,selectCardFallback
FNDA:1,(anonymous_3)
FNDA:1,(anonymous_4)
FNDA:1,cpuMaybeUseCardWithPolicy
FNDA:1,(anonymous_6)
FNDA:1,(anonymous_7)
FNDA:0,(anonymous_8)
FNDA:0,(anonymous_9)
FNDA:0,(anonymous_10)
FNDA:0,(anonymous_11)
FNDA:0,selectCpuMoveWithPolicy
FNDA:0,cpuSelectDestroyWithPolicy
FNDA:0,(anonymous_14)
FNDA:0,(anonymous_15)
FNDA:0,(anonymous_16)
FNDA:0,cpuSelectInheritWillWithPolicy
FNDA:0,cpuSelectSwapWithEnemyWithPolicy
FNDA:0,cpuSelectTemptWillWithPolicy
DA:9,1
DA:10,1
DA:17,2
DA:18,0
DA:21,1
DA:22,1
DA:23,1
DA:24,1
DA:27,1
DA:28,1
DA:29,1
DA:32,1
DA:33,1
DA:34,1
DA:35,1
DA:38,1
DA:39,1
DA:40,1
DA:49,1
DA:52,1
DA:55,1
DA:56,1
DA:57,1
DA:58,1
DA:61,1
DA:62,1
DA:63,0
DA:64,0
DA:66,0
DA:67,0
DA:72,1
DA:73,1
DA:74,1
DA:75,0
DA:76,0
DA:81,1
DA:82,1
DA:83,1
DA:84,1
DA:85,1
DA:86,1
DA:87,0
DA:88,0
DA:90,1
DA:91,1
DA:93,1
DA:94,1
DA:97,1
DA:98,1
DA:99,1
DA:100,1
DA:103,1
DA:104,0
DA:105,0
DA:106,0
DA:107,0
DA:108,0
DA:109,0
DA:110,0
DA:112,0
DA:113,0
DA:115,0
DA:118,0
DA:121,1
DA:122,1
DA:125,1
DA:128,0
DA:129,0
DA:130,0
DA:131,0
DA:132,0
DA:133,0
DA:134,0
DA:138,0
DA:148,0
DA:150,0
DA:151,0
DA:154,0
DA:156,0
DA:157,0
DA:158,0
DA:160,0
DA:162,0
DA:164,0
DA:172,0
DA:173,0
DA:174,0
DA:177,0
DA:178,0
DA:179,0
DA:180,0
DA:181,0
DA:182,0
DA:184,0
DA:185,0
DA:191,0
DA:192,0
DA:193,0
DA:194,0
DA:200,0
DA:202,0
DA:203,0
DA:205,0
DA:206,0
DA:207,0
DA:208,0
DA:210,0
DA:214,0
DA:217,0
DA:220,0
DA:221,0
DA:230,0
DA:234,0
DA:235,0
DA:236,0
DA:237,0
DA:240,0
DA:241,0
DA:243,0
DA:244,0
DA:253,0
DA:257,0
DA:258,0
DA:259,0
DA:260,0
DA:263,0
DA:264,0
DA:266,0
DA:267,0
DA:276,0
DA:280,0
DA:281,0
DA:282,0
DA:283,0
DA:286,0
DA:287,0
DA:289,0
DA:290,0
DA:295,1
DA:296,1
DA:297,1
DA:298,1
DA:299,1
DA:300,1
DA:301,1
DA:302,1
DA:306,1
DA:307,1
LF:148
LH:56
BRDA:9,0,0,1
BRDA:9,0,1,0
BRDA:18,1,0,0
BRDA:18,1,1,0
BRDA:21,2,0,0
BRDA:21,2,1,1
BRDA:21,3,0,1
BRDA:21,3,1,1
BRDA:22,4,0,1
BRDA:22,4,1,0
BRDA:24,5,0,0
BRDA:24,5,1,1
BRDA:28,6,0,1
BRDA:28,6,1,0
BRDA:29,7,0,0
BRDA:29,7,1,1
BRDA:34,8,0,1
BRDA:34,8,1,0
BRDA:35,9,0,1
BRDA:35,9,1,1
BRDA:38,10,0,0
BRDA:38,10,1,1
BRDA:39,11,0,1
BRDA:39,11,1,0
BRDA:49,12,0,0
BRDA:49,12,1,1
BRDA:52,13,0,1
BRDA:52,13,1,0
BRDA:55,14,0,0
BRDA:55,14,1,1
BRDA:57,15,0,1
BRDA:57,15,1,0
BRDA:62,16,0,0
BRDA:62,16,1,1
BRDA:72,17,0,1
BRDA:72,17,1,0
BRDA:74,18,0,0
BRDA:74,18,1,1
BRDA:82,19,0,0
BRDA:82,19,1,1
BRDA:85,20,0,0
BRDA:85,20,1,1
BRDA:86,21,0,0
BRDA:86,21,1,1
BRDA:86,22,0,1
BRDA:86,22,1,1
BRDA:91,23,0,0
BRDA:91,23,1,1
BRDA:93,24,0,1
BRDA:93,24,1,0
BRDA:94,25,0,0
BRDA:94,25,1,1
BRDA:94,26,0,1
BRDA:94,26,1,0
BRDA:98,27,0,0
BRDA:98,27,1,1
BRDA:99,28,0,0
BRDA:99,28,1,1
BRDA:100,29,0,0
BRDA:100,29,1,1
BRDA:103,30,0,0
BRDA:103,30,1,1
BRDA:104,31,0,0
BRDA:104,31,1,0
BRDA:105,32,0,0
BRDA:105,32,1,0
BRDA:106,33,0,0
BRDA:106,33,1,0
BRDA:107,34,0,0
BRDA:107,34,1,0
BRDA:109,35,0,0
BRDA:109,35,1,0
BRDA:110,36,0,0
BRDA:110,36,1,0
BRDA:125,37,0,1
BRDA:125,37,1,0
BRDA:128,38,0,0
BRDA:128,38,1,0
BRDA:128,39,0,0
BRDA:128,39,1,0
BRDA:129,40,0,0
BRDA:129,40,1,0
BRDA:132,41,0,0
BRDA:132,41,1,0
BRDA:133,42,0,0
BRDA:133,42,1,0
BRDA:134,43,0,0
BRDA:134,43,1,0
BRDA:148,44,0,0
BRDA:148,44,1,0
BRDA:154,45,0,0
BRDA:154,45,1,0
BRDA:156,46,0,0
BRDA:156,46,1,0
BRDA:172,47,0,0
BRDA:172,47,1,0
BRDA:173,48,0,0
BRDA:173,48,1,0
BRDA:179,49,0,0
BRDA:179,49,1,0
BRDA:180,50,0,0
BRDA:180,50,1,0
BRDA:182,51,0,0
BRDA:182,51,1,0
BRDA:184,52,0,0
BRDA:184,52,1,0
BRDA:191,53,0,0
BRDA:191,53,1,0
BRDA:200,54,0,0
BRDA:200,54,1,0
BRDA:202,55,0,0
BRDA:202,55,1,0
BRDA:202,55,2,0
BRDA:202,55,3,0
BRDA:203,56,0,0
BRDA:203,56,1,0
BRDA:203,56,2,0
BRDA:203,56,3,0
BRDA:205,57,0,0
BRDA:205,57,1,0
BRDA:207,58,0,0
BRDA:207,58,1,0
BRDA:220,59,0,0
BRDA:220,59,1,0
BRDA:230,60,0,0
BRDA:230,60,1,0
BRDA:230,61,0,0
BRDA:230,61,1,0
BRDA:234,62,0,0
BRDA:234,62,1,0
BRDA:243,63,0,0
BRDA:243,63,1,0
BRDA:253,64,0,0
BRDA:253,64,1,0
BRDA:253,65,0,0
BRDA:253,65,1,0
BRDA:257,66,0,0
BRDA:257,66,1,0
BRDA:266,67,0,0
BRDA:266,67,1,0
BRDA:276,68,0,0
BRDA:276,68,1,0
BRDA:276,69,0,0
BRDA:276,69,1,0
BRDA:280,70,0,0
BRDA:280,70,1,0
BRDA:289,71,0,0
BRDA:289,71,1,0
BRDA:295,72,0,1
BRDA:295,72,1,0
BRDA:306,73,0,1
BRDA:306,73,1,0
BRDA:306,74,0,1
BRDA:306,74,1,1
BRF:154
BRH:38
end_of_record
TN:
SF:game\cpu-turn-handler.js
FN:3,processCpuTurn
FN:9,processAutoBlackTurn
FN:16,runCpuTurn
FN:34,(anonymous_3)
FN:43,(anonymous_4)
FN:117,(anonymous_5)
FN:119,(anonymous_6)
FNF:7
FNH:0
FNDA:0,processCpuTurn
FNDA:0,processAutoBlackTurn
FNDA:0,runCpuTurn
FNDA:0,(anonymous_3)
FNDA:0,(anonymous_4)
FNDA:0,(anonymous_5)
FNDA:0,(anonymous_6)
DA:4,0
DA:5,0
DA:6,0
DA:11,0
DA:12,0
DA:13,0
DA:17,0
DA:18,0
DA:19,0
DA:21,0
DA:22,0
DA:31,0
DA:33,0
DA:34,0
DA:35,0
DA:38,0
DA:39,0
DA:40,0
DA:41,0
DA:42,0
DA:43,0
DA:44,0
DA:48,0
DA:49,0
DA:50,0
DA:51,0
DA:56,0
DA:57,0
DA:59,0
DA:60,0
DA:61,0
DA:66,0
DA:67,0
DA:69,0
DA:70,0
DA:71,0
DA:76,0
DA:77,0
DA:79,0
DA:81,0
DA:83,0
DA:84,0
DA:85,0
DA:90,0
DA:91,0
DA:93,0
DA:95,0
DA:98,0
DA:99,0
DA:100,0
DA:102,0
DA:103,0
DA:104,0
DA:107,0
DA:108,0
DA:109,0
DA:117,0
DA:118,0
DA:119,0
DA:121,0
DA:125,0
DA:126,0
DA:127,0
DA:128,0
DA:129,0
DA:134,0
DA:136,0
LF:67
LH:0
BRDA:4,0,0,0
BRDA:4,0,1,0
BRDA:11,1,0,0
BRDA:11,1,1,0
BRDA:11,2,0,0
BRDA:11,2,1,0
BRDA:12,3,0,0
BRDA:12,3,1,0
BRDA:16,4,0,0
BRDA:16,5,0,0
BRDA:18,6,0,0
BRDA:18,6,1,0
BRDA:19,7,0,0
BRDA:19,7,1,0
BRDA:21,8,0,0
BRDA:21,8,1,0
BRDA:33,9,0,0
BRDA:33,9,1,0
BRDA:39,10,0,0
BRDA:39,10,1,0
BRDA:39,11,0,0
BRDA:39,11,1,0
BRDA:41,12,0,0
BRDA:41,12,1,0
BRDA:49,13,0,0
BRDA:49,13,1,0
BRDA:49,14,0,0
BRDA:49,14,1,0
BRDA:49,14,2,0
BRDA:50,15,0,0
BRDA:50,15,1,0
BRDA:59,16,0,0
BRDA:59,16,1,0
BRDA:59,17,0,0
BRDA:59,17,1,0
BRDA:59,17,2,0
BRDA:60,18,0,0
BRDA:60,18,1,0
BRDA:69,19,0,0
BRDA:69,19,1,0
BRDA:69,20,0,0
BRDA:69,20,1,0
BRDA:69,20,2,0
BRDA:70,21,0,0
BRDA:70,21,1,0
BRDA:76,22,0,0
BRDA:76,22,1,0
BRDA:83,23,0,0
BRDA:83,23,1,0
BRDA:83,24,0,0
BRDA:83,24,1,0
BRDA:83,24,2,0
BRDA:84,25,0,0
BRDA:84,25,1,0
BRDA:90,26,0,0
BRDA:90,26,1,0
BRDA:99,27,0,0
BRDA:99,27,1,0
BRDA:102,28,0,0
BRDA:102,28,1,0
BRDA:108,29,0,0
BRDA:108,29,1,0
BRDA:113,30,0,0
BRDA:113,30,1,0
BRDA:118,31,0,0
BRDA:118,31,1,0
BRDA:128,32,0,0
BRDA:128,32,1,0
BRF:68
BRH:0
end_of_record
TN:
SF:game\game-controller-slim.js
FN:11,(anonymous_0)
FN:25,posToNotation
FN:54,initializeGame
FN:87,(anonymous_3)
FN:91,(anonymous_4)
FNF:5
FNH:0
FNDA:0,(anonymous_0)
FNDA:0,posToNotation
FNDA:0,initializeGame
FNDA:0,(anonymous_3)
FNDA:0,(anonymous_4)
DA:11,0
DA:12,0
DA:13,0
DA:26,0
DA:27,0
DA:56,0
DA:57,0
DA:58,0
DA:60,0
DA:61,0
DA:62,0
DA:64,0
DA:65,0
DA:66,0
DA:68,0
DA:69,0
DA:70,0
DA:72,0
DA:73,0
DA:74,0
DA:77,0
DA:80,0
DA:81,0
DA:85,0
DA:86,0
DA:88,0
DA:89,0
DA:92,0
DA:98,0
DA:99,0
DA:109,0
DA:111,0
DA:112,0
DA:115,0
LF:34
LH:0
BRDA:56,0,0,0
BRDA:56,0,1,0
BRDA:60,1,0,0
BRDA:60,1,1,0
BRDA:64,2,0,0
BRDA:64,2,1,0
BRDA:68,3,0,0
BRDA:68,3,1,0
BRDA:72,4,0,0
BRDA:72,4,1,0
BRDA:80,5,0,0
BRDA:80,5,1,0
BRDA:85,6,0,0
BRDA:85,6,1,0
BRDA:85,7,0,0
BRDA:85,7,1,0
BRDA:98,8,0,0
BRDA:98,8,1,0
BRDA:98,9,0,0
BRDA:98,9,1,0
BRDA:109,10,0,0
BRDA:109,10,1,0
BRDA:111,11,0,0
BRDA:111,11,1,0
BRF:24
BRH:0
end_of_record
TN:
SF:game\game-core-logic.js
FN:12,createGameState
FN:16,copyGameState
FN:23,getFlips
FN:37,applyMove
FN:41,applyPass
FN:56,isGameOver
FN:60,countDiscs
FNF:7
FNH:0
FNDA:0,createGameState
FNDA:0,copyGameState
FNDA:0,getFlips
FNDA:0,applyMove
FNDA:0,applyPass
FNDA:0,isGameOver
FNDA:0,countDiscs
DA:6,0
DA:7,0
DA:13,0
DA:17,0
DA:25,0
DA:26,0
DA:28,0
DA:34,0
DA:38,0
DA:42,0
DA:45,0
DA:46,0
DA:53,0
DA:57,0
DA:61,0
LF:15
LH:0
BRDA:6,0,0,0
BRDA:6,0,1,0
BRDA:25,1,0,0
BRDA:25,1,1,0
BRDA:25,2,0,0
BRDA:25,2,1,0
BRDA:29,3,0,0
BRDA:29,3,1,0
BRDA:30,4,0,0
BRDA:30,4,1,0
BRDA:31,5,0,0
BRDA:31,5,1,0
BRDA:31,6,0,0
BRDA:31,6,1,0
BRDA:45,7,0,0
BRDA:45,7,1,0
BRDA:45,8,0,0
BRDA:45,8,1,0
BRDA:47,9,0,0
BRDA:47,9,1,0
BRDA:48,10,0,0
BRDA:48,10,1,0
BRF:22
BRH:0
end_of_record
TN:
SF:game\log-messages.js
FN:8,(anonymous_0)
FN:9,(anonymous_1)
FN:10,(anonymous_2)
FN:11,(anonymous_3)
FN:13,(anonymous_4)
FN:14,(anonymous_5)
FN:15,(anonymous_6)
FN:16,(anonymous_7)
FN:17,(anonymous_8)
FN:18,(anonymous_9)
FN:20,(anonymous_10)
FN:21,(anonymous_11)
FN:22,(anonymous_12)
FN:23,(anonymous_13)
FN:24,(anonymous_14)
FN:25,(anonymous_15)
FN:26,(anonymous_16)
FN:27,(anonymous_17)
FN:28,(anonymous_18)
FN:29,(anonymous_19)
FN:30,(anonymous_20)
FN:31,(anonymous_21)
FN:32,(anonymous_22)
FN:33,(anonymous_23)
FN:34,(anonymous_24)
FN:36,(anonymous_25)
FN:37,(anonymous_26)
FN:38,(anonymous_27)
FN:39,(anonymous_28)
FN:40,(anonymous_29)
FN:41,(anonymous_30)
FN:42,(anonymous_31)
FN:43,(anonymous_32)
FN:44,(anonymous_33)
FN:45,(anonymous_34)
FN:46,(anonymous_35)
FN:47,(anonymous_36)
FN:48,(anonymous_37)
FNF:38
FNH:38
FNDA:2,(anonymous_0)
FNDA:2,(anonymous_1)
FNDA:1,(anonymous_2)
FNDA:1,(anonymous_3)
FNDA:1,(anonymous_4)
FNDA:1,(anonymous_5)
FNDA:1,(anonymous_6)
FNDA:1,(anonymous_7)
FNDA:1,(anonymous_8)
FNDA:1,(anonymous_9)
FNDA:1,(anonymous_10)
FNDA:1,(anonymous_11)
FNDA:1,(anonymous_12)
FNDA:1,(anonymous_13)
FNDA:1,(anonymous_14)
FNDA:1,(anonymous_15)
FNDA:1,(anonymous_16)
FNDA:1,(anonymous_17)
FNDA:1,(anonymous_18)
FNDA:1,(anonymous_19)
FNDA:1,(anonymous_20)
FNDA:1,(anonymous_21)
FNDA:1,(anonymous_22)
FNDA:1,(anonymous_23)
FNDA:1,(anonymous_24)
FNDA:1,(anonymous_25)
FNDA:1,(anonymous_26)
FNDA:1,(anonymous_27)
FNDA:1,(anonymous_28)
FNDA:1,(anonymous_29)
FNDA:1,(anonymous_30)
FNDA:1,(anonymous_31)
FNDA:1,(anonymous_32)
FNDA:1,(anonymous_33)
FNDA:1,(anonymous_34)
FNDA:1,(anonymous_35)
FNDA:1,(anonymous_36)
FNDA:1,(anonymous_37)
DA:7,1
DA:8,2
DA:9,2
DA:10,1
DA:11,1
DA:13,1
DA:14,1
DA:15,1
DA:16,1
DA:17,1
DA:18,1
DA:20,1
DA:21,1
DA:22,1
DA:23,1
DA:24,1
DA:25,1
DA:26,1
DA:27,1
DA:28,1
DA:29,1
DA:30,1
DA:31,1
DA:32,1
DA:33,1
DA:34,1
DA:36,1
DA:37,1
DA:38,1
DA:39,1
DA:40,1
DA:41,1
DA:42,1
DA:43,1
DA:44,1
DA:45,1
DA:46,1
DA:47,1
DA:48,1
DA:51,1
DA:52,1
DA:54,0
LF:42
LH:41
BRDA:51,0,0,1
BRDA:51,0,1,0
BRDA:51,1,0,1
BRDA:51,1,1,1
BRF:4
BRH:3
end_of_record
TN:
SF:game\move-executor-visuals.js
FN:3,_assertNotDuringPlayback
FN:20,_isNoAnim
FN:29,applyFlipAnimations
FN:32,(anonymous_3)
FN:33,(anonymous_4)
FN:46,setDiscColorAt
FN:55,removeBombOverlayAt
FN:67,clearAllStoneVisualEffectsAt
FN:95,syncDiscVisualToCurrentState
FN:102,(anonymous_9)
FN:107,(anonymous_10)
FN:125,getFlipAnimMs
FN:131,getPhaseGapMs
FN:137,getTurnTransitionGapMs
FN:145,animateFlipsWithDeferredColor
FN:169,(anonymous_15)
FN:169,(anonymous_16)
FN:202,(anonymous_17)
FN:202,(anonymous_18)
FN:215,animateRegenBack
FN:241,applyPendingSpecialstoneVisual
FN:271,runMoveVisualSequence
FN:340,(anonymous_22)
FN:359,(anonymous_23)
FNF:24
FNH:4
FNDA:1,_assertNotDuringPlayback
FNDA:0,_isNoAnim
FNDA:1,applyFlipAnimations
FNDA:1,(anonymous_3)
FNDA:1,(anonymous_4)
FNDA:0,setDiscColorAt
FNDA:0,removeBombOverlayAt
FNDA:0,clearAllStoneVisualEffectsAt
FNDA:0,syncDiscVisualToCurrentState
FNDA:0,(anonymous_9)
FNDA:0,(anonymous_10)
FNDA:0,getFlipAnimMs
FNDA:0,getPhaseGapMs
FNDA:0,getTurnTransitionGapMs
FNDA:0,animateFlipsWithDeferredColor
FNDA:0,(anonymous_15)
FNDA:0,(anonymous_16)
FNDA:0,(anonymous_17)
FNDA:0,(anonymous_18)
FNDA:0,animateRegenBack
FNDA:0,applyPendingSpecialstoneVisual
FNDA:0,runMoveVisualSequence
FNDA:0,(anonymous_22)
FNDA:0,(anonymous_23)
DA:4,1
DA:5,0
DA:6,0
DA:8,0
DA:9,0
DA:10,0
DA:11,0
DA:13,0
DA:16,1
DA:21,0
DA:22,0
DA:23,0
DA:24,0
DA:26,0
DA:30,1
DA:32,1
DA:33,1
DA:34,1
DA:35,1
DA:36,1
DA:37,1
DA:38,1
DA:40,1
DA:47,0
DA:48,0
DA:49,0
DA:50,0
DA:51,0
DA:52,0
DA:56,0
DA:57,0
DA:58,0
DA:59,0
DA:60,0
DA:61,0
DA:62,0
DA:63,0
DA:64,0
DA:68,0
DA:69,0
DA:70,0
DA:71,0
DA:73,0
DA:74,0
DA:75,0
DA:78,0
DA:79,0
DA:80,0
DA:81,0
DA:82,0
DA:90,0
DA:91,0
DA:92,0
DA:96,0
DA:97,0
DA:98,0
DA:99,0
DA:102,0
DA:103,0
DA:105,0
DA:107,0
DA:108,0
DA:110,0
DA:111,0
DA:112,0
DA:114,0
DA:115,0
DA:117,0
DA:121,1
DA:126,0
DA:132,0
DA:140,0
DA:146,0
DA:147,0
DA:148,0
DA:149,0
DA:150,0
DA:151,0
DA:153,0
DA:155,0
DA:157,0
DA:158,0
DA:159,0
DA:160,0
DA:162,0
DA:163,0
DA:164,0
DA:165,0
DA:169,0
DA:170,0
DA:171,0
DA:172,0
DA:174,0
DA:176,0
DA:180,0
DA:181,0
DA:182,0
DA:183,0
DA:189,0
DA:190,0
DA:191,0
DA:192,0
DA:195,0
DA:196,0
DA:197,0
DA:198,0
DA:202,0
DA:203,0
DA:204,0
DA:205,0
DA:207,0
DA:210,0
DA:216,0
DA:217,0
DA:219,0
DA:220,0
DA:223,0
DA:224,0
DA:225,0
DA:226,0
DA:229,0
DA:232,0
DA:242,0
DA:243,0
DA:245,0
DA:246,0
DA:247,0
DA:249,0
DA:250,0
DA:251,0
DA:252,0
DA:253,0
DA:254,0
DA:255,0
DA:256,0
DA:257,0
DA:258,0
DA:259,0
DA:263,0
DA:266,0
DA:267,0
DA:272,0
DA:273,0
DA:274,0
DA:275,0
DA:276,0
DA:278,0
DA:279,0
DA:281,0
DA:282,0
DA:285,0
DA:286,0
DA:287,0
DA:289,0
DA:291,0
DA:292,0
DA:297,0
DA:298,0
DA:299,0
DA:301,0
DA:303,0
DA:310,0
DA:311,0
DA:312,0
DA:316,0
DA:317,0
DA:319,0
DA:320,0
DA:324,0
DA:325,0
DA:327,0
DA:328,0
DA:330,0
DA:331,0
DA:332,0
DA:334,0
DA:335,0
DA:339,0
DA:340,0
DA:341,0
DA:343,0
DA:344,0
DA:345,0
DA:346,0
DA:347,0
DA:348,0
DA:349,0
DA:350,0
DA:351,0
DA:352,0
DA:355,0
DA:359,0
DA:363,0
DA:364,0
DA:366,0
DA:367,0
DA:368,0
DA:372,0
DA:375,1
DA:376,1
DA:377,1
DA:378,1
DA:379,1
DA:380,1
DA:381,1
DA:382,1
DA:383,1
DA:384,1
DA:385,1
DA:386,1
DA:387,1
LF:211
LH:25
BRDA:4,0,0,0
BRDA:4,0,1,1
BRDA:4,1,0,1
BRDA:4,1,1,1
BRDA:5,2,0,0
BRDA:5,2,1,0
BRDA:5,3,0,0
BRDA:5,3,1,0
BRDA:9,4,0,0
BRDA:9,4,1,0
BRDA:9,5,0,0
BRDA:9,5,1,0
BRDA:9,6,0,0
BRDA:9,6,1,0
BRDA:10,7,0,0
BRDA:10,7,1,0
BRDA:10,8,0,0
BRDA:10,8,1,0
BRDA:10,8,2,0
BRDA:22,9,0,0
BRDA:22,9,1,0
BRDA:22,10,0,0
BRDA:22,10,1,0
BRDA:23,11,0,0
BRDA:23,11,1,0
BRDA:23,12,0,0
BRDA:23,12,1,0
BRDA:24,13,0,0
BRDA:24,13,1,0
BRDA:24,14,0,0
BRDA:24,14,1,0
BRDA:24,14,2,0
BRDA:24,14,3,0
BRDA:30,15,0,0
BRDA:30,15,1,1
BRDA:35,16,0,1
BRDA:35,16,1,0
BRDA:36,17,0,1
BRDA:36,17,1,0
BRDA:47,18,0,0
BRDA:47,18,1,0
BRDA:49,19,0,0
BRDA:49,19,1,0
BRDA:50,20,0,0
BRDA:50,20,1,0
BRDA:52,21,0,0
BRDA:52,21,1,0
BRDA:56,22,0,0
BRDA:56,22,1,0
BRDA:58,23,0,0
BRDA:58,23,1,0
BRDA:59,24,0,0
BRDA:59,24,1,0
BRDA:62,25,0,0
BRDA:62,25,1,0
BRDA:64,26,0,0
BRDA:64,26,1,0
BRDA:68,27,0,0
BRDA:68,27,1,0
BRDA:70,28,0,0
BRDA:70,28,1,0
BRDA:71,29,0,0
BRDA:71,29,1,0
BRDA:79,30,0,0
BRDA:79,30,1,0
BRDA:79,31,0,0
BRDA:79,31,1,0
BRDA:82,32,0,0
BRDA:82,32,1,0
BRDA:82,33,0,0
BRDA:82,33,1,0
BRDA:96,34,0,0
BRDA:96,34,1,0
BRDA:98,35,0,0
BRDA:98,35,1,0
BRDA:99,36,0,0
BRDA:99,36,1,0
BRDA:102,37,0,0
BRDA:102,37,1,0
BRDA:102,37,2,0
BRDA:102,38,0,0
BRDA:102,38,1,0
BRDA:103,39,0,0
BRDA:103,39,1,0
BRDA:107,40,0,0
BRDA:107,40,1,0
BRDA:107,41,0,0
BRDA:107,41,1,0
BRDA:107,42,0,0
BRDA:107,42,1,0
BRDA:108,43,0,0
BRDA:108,43,1,0
BRDA:110,44,0,0
BRDA:110,44,1,0
BRDA:110,45,0,0
BRDA:110,45,1,0
BRDA:110,46,0,0
BRDA:110,46,1,0
BRDA:111,47,0,0
BRDA:111,47,1,0
BRDA:112,48,0,0
BRDA:112,48,1,0
BRDA:112,49,0,0
BRDA:112,49,1,0
BRDA:114,50,0,0
BRDA:114,50,1,0
BRDA:114,51,0,0
BRDA:114,51,1,0
BRDA:114,52,0,0
BRDA:114,52,1,0
BRDA:121,53,0,0
BRDA:121,53,1,1
BRDA:121,54,0,1
BRDA:121,54,1,0
BRDA:126,55,0,0
BRDA:126,55,1,0
BRDA:126,56,0,0
BRDA:126,56,1,0
BRDA:132,57,0,0
BRDA:132,57,1,0
BRDA:132,58,0,0
BRDA:132,58,1,0
BRDA:140,59,0,0
BRDA:140,59,1,0
BRDA:140,60,0,0
BRDA:140,60,1,0
BRDA:146,61,0,0
BRDA:146,61,1,0
BRDA:147,62,0,0
BRDA:147,62,1,0
BRDA:147,63,0,0
BRDA:147,63,1,0
BRDA:148,64,0,0
BRDA:148,64,1,0
BRDA:148,65,0,0
BRDA:148,65,1,0
BRDA:149,66,0,0
BRDA:149,66,1,0
BRDA:155,67,0,0
BRDA:155,67,1,0
BRDA:159,68,0,0
BRDA:159,68,1,0
BRDA:159,69,0,0
BRDA:159,69,1,0
BRDA:163,70,0,0
BRDA:163,70,1,0
BRDA:164,71,0,0
BRDA:164,71,1,0
BRDA:182,72,0,0
BRDA:182,72,1,0
BRDA:182,73,0,0
BRDA:182,73,1,0
BRDA:191,74,0,0
BRDA:191,74,1,0
BRDA:191,75,0,0
BRDA:191,75,1,0
BRDA:196,76,0,0
BRDA:196,76,1,0
BRDA:197,77,0,0
BRDA:197,77,1,0
BRDA:216,78,0,0
BRDA:216,78,1,0
BRDA:217,79,0,0
BRDA:217,79,1,0
BRDA:217,80,0,0
BRDA:217,80,1,0
BRDA:225,81,0,0
BRDA:225,81,1,0
BRDA:226,82,0,0
BRDA:226,82,1,0
BRDA:242,83,0,0
BRDA:242,83,1,0
BRDA:243,84,0,0
BRDA:243,84,1,0
BRDA:246,85,0,0
BRDA:246,85,1,0
BRDA:247,86,0,0
BRDA:247,86,1,0
BRDA:249,87,0,0
BRDA:249,87,1,0
BRDA:251,88,0,0
BRDA:251,88,1,0
BRDA:263,89,0,0
BRDA:263,89,1,0
BRDA:266,90,0,0
BRDA:266,90,1,0
BRDA:266,91,0,0
BRDA:266,91,1,0
BRDA:272,92,0,0
BRDA:272,92,1,0
BRDA:273,93,0,0
BRDA:273,93,1,0
BRDA:274,94,0,0
BRDA:274,94,1,0
BRDA:275,95,0,0
BRDA:275,95,1,0
BRDA:276,96,0,0
BRDA:276,96,1,0
BRDA:281,97,0,0
BRDA:281,97,1,0
BRDA:286,98,0,0
BRDA:286,98,1,0
BRDA:287,99,0,0
BRDA:287,99,1,0
BRDA:289,100,0,0
BRDA:289,100,1,0
BRDA:292,101,0,0
BRDA:292,101,1,0
BRDA:292,102,0,0
BRDA:292,102,1,0
BRDA:298,103,0,0
BRDA:298,103,1,0
BRDA:298,104,0,0
BRDA:298,104,1,0
BRDA:303,105,0,0
BRDA:303,105,1,0
BRDA:310,106,0,0
BRDA:310,106,1,0
BRDA:310,107,0,0
BRDA:310,107,1,0
BRDA:311,108,0,0
BRDA:311,108,1,0
BRDA:316,109,0,0
BRDA:316,109,1,0
BRDA:319,110,0,0
BRDA:319,110,1,0
BRDA:324,111,0,0
BRDA:324,111,1,0
BRDA:327,112,0,0
BRDA:327,112,1,0
BRDA:330,113,0,0
BRDA:330,113,1,0
BRDA:334,114,0,0
BRDA:334,114,1,0
BRDA:339,115,0,0
BRDA:339,115,1,0
BRDA:339,116,0,0
BRDA:339,116,1,0
BRDA:343,117,0,0
BRDA:343,117,1,0
BRDA:343,118,0,0
BRDA:343,118,1,0
BRDA:347,119,0,0
BRDA:347,119,1,0
BRDA:349,120,0,0
BRDA:349,120,1,0
BRDA:351,121,0,0
BRDA:351,121,1,0
BRDA:363,122,0,0
BRDA:363,122,1,0
BRDA:363,123,0,0
BRDA:363,123,1,0
BRDA:366,124,0,0
BRDA:366,124,1,0
BRDA:366,125,0,0
BRDA:366,125,1,0
BRDA:368,126,0,0
BRDA:368,126,1,0
BRDA:375,127,0,1
BRDA:375,127,1,0
BRF:260
BRH:9
end_of_record
TN:
SF:game\move-executor.js
FN:8,executeMove
FN:36,executeMoveViaPipeline
FN:91,(anonymous_2)
FN:101,runPipelineDebugSnapshot
FN:108,comparePipelineSnapshot
FN:110,onTurnStartLogic
FNF:6
FNH:0
FNDA:0,executeMove
FNDA:0,executeMoveViaPipeline
FNDA:0,(anonymous_2)
FNDA:0,runPipelineDebugSnapshot
FNDA:0,comparePipelineSnapshot
FNDA:0,onTurnStartLogic
DA:4,0
DA:5,0
DA:9,0
DA:10,0
DA:11,0
DA:12,0
DA:13,0
DA:14,0
DA:15,0
DA:17,0
DA:19,0
DA:20,0
DA:23,0
DA:24,0
DA:25,0
DA:29,0
DA:30,0
DA:32,0
DA:37,0
DA:41,0
DA:42,0
DA:45,0
DA:48,0
DA:49,0
DA:52,0
DA:53,0
DA:54,0
DA:57,0
DA:58,0
DA:59,0
DA:60,0
DA:62,0
DA:66,0
DA:67,0
DA:68,0
DA:70,0
DA:71,0
DA:72,0
DA:75,0
DA:76,0
DA:77,0
DA:78,0
DA:80,0
DA:84,0
DA:86,0
DA:87,0
DA:88,0
DA:89,0
DA:90,0
DA:91,0
DA:92,0
DA:93,0
DA:96,0
DA:97,0
DA:102,0
DA:103,0
DA:104,0
DA:105,0
DA:111,0
LF:59
LH:0
BRDA:4,0,0,0
BRDA:4,0,1,0
BRDA:13,1,0,0
BRDA:13,1,1,0
BRDA:13,1,2,0
BRDA:14,2,0,0
BRDA:14,2,1,0
BRDA:15,3,0,0
BRDA:15,3,1,0
BRDA:17,4,0,0
BRDA:17,4,1,0
BRDA:17,5,0,0
BRDA:17,5,1,0
BRDA:19,6,0,0
BRDA:19,6,1,0
BRDA:24,7,0,0
BRDA:24,7,1,0
BRDA:32,8,0,0
BRDA:32,8,1,0
BRDA:32,9,0,0
BRDA:32,9,1,0
BRDA:32,10,0,0
BRDA:32,10,1,0
BRDA:37,11,0,0
BRDA:37,11,1,0
BRDA:37,12,0,0
BRDA:37,12,1,0
BRDA:37,12,2,0
BRDA:41,13,0,0
BRDA:41,13,1,0
BRDA:41,14,0,0
BRDA:41,14,1,0
BRDA:41,14,2,0
BRDA:48,15,0,0
BRDA:48,15,1,0
BRDA:49,16,0,0
BRDA:49,16,1,0
BRDA:57,17,0,0
BRDA:57,17,1,0
BRDA:57,18,0,0
BRDA:57,18,1,0
BRDA:70,19,0,0
BRDA:70,19,1,0
BRDA:71,20,0,0
BRDA:71,20,1,0
BRDA:72,21,0,0
BRDA:72,21,1,0
BRDA:75,22,0,0
BRDA:75,22,1,0
BRDA:75,23,0,0
BRDA:75,23,1,0
BRDA:75,23,2,0
BRDA:75,23,3,0
BRDA:77,24,0,0
BRDA:77,24,1,0
BRDA:84,25,0,0
BRDA:84,25,1,0
BRDA:88,26,0,0
BRDA:88,26,1,0
BRDA:88,27,0,0
BRDA:88,27,1,0
BRDA:92,28,0,0
BRDA:92,28,1,0
BRDA:92,29,0,0
BRDA:92,29,1,0
BRDA:111,30,0,0
BRDA:111,30,1,0
BRF:67
BRH:0
end_of_record
TN:
SF:game\move-generator.js
FN:22,getLegalMoves
FN:60,createProtectedCellSet
FN:63,(anonymous_2)
FN:66,(anonymous_3)
FN:74,generateMovesForPlayer
FN:77,(anonymous_5)
FN:97,(anonymous_6)
FN:103,generateFreePlacementMoves
FN:118,generateSwapMoves
FN:120,(anonymous_9)
FN:143,findMoveForCell
FN:145,(anonymous_11)
FN:153,posToNotation
FN:161,isCorner
FN:168,isEdge
FNF:15
FNH:0
FNDA:0,getLegalMoves
FNDA:0,createProtectedCellSet
FNDA:0,(anonymous_2)
FNDA:0,(anonymous_3)
FNDA:0,generateMovesForPlayer
FNDA:0,(anonymous_5)
FNDA:0,(anonymous_6)
FNDA:0,generateFreePlacementMoves
FNDA:0,generateSwapMoves
FNDA:0,(anonymous_9)
FNDA:0,findMoveForCell
FNDA:0,(anonymous_11)
FNDA:0,posToNotation
FNDA:0,isCorner
FNDA:0,isEdge
DA:9,0
DA:10,0
DA:24,0
DA:26,0
DA:27,0
DA:28,0
DA:34,0
DA:37,0
DA:38,0
DA:45,0
DA:52,0
DA:61,0
DA:62,0
DA:63,0
DA:65,0
DA:66,0
DA:68,0
DA:75,0
DA:76,0
DA:77,0
DA:80,0
DA:82,0
DA:88,0
DA:90,0
DA:91,0
DA:93,0
DA:94,0
DA:97,0
DA:104,0
DA:105,0
DA:106,0
DA:107,0
DA:108,0
DA:109,0
DA:112,0
DA:119,0
DA:120,0
DA:121,0
DA:123,0
DA:124,0
DA:125,0
DA:126,0
DA:128,0
DA:129,0
DA:130,0
DA:131,0
DA:132,0
DA:133,0
DA:137,0
DA:144,0
DA:145,0
DA:154,0
DA:155,0
DA:162,0
DA:169,0
DA:174,0
DA:175,0
LF:57
LH:0
BRDA:9,0,0,0
BRDA:9,0,1,0
BRDA:24,1,0,0
BRDA:24,1,1,0
BRDA:24,2,0,0
BRDA:24,2,1,0
BRDA:27,3,0,0
BRDA:27,3,1,0
BRDA:27,4,0,0
BRDA:27,4,1,0
BRDA:31,5,0,0
BRDA:31,5,1,0
BRDA:31,6,0,0
BRDA:31,6,1,0
BRDA:37,7,0,0
BRDA:37,7,1,0
BRDA:39,8,0,0
BRDA:39,8,1,0
BRDA:40,9,0,0
BRDA:40,9,1,0
BRDA:41,10,0,0
BRDA:41,10,1,0
BRDA:41,11,0,0
BRDA:41,11,1,0
BRDA:46,12,0,0
BRDA:46,12,1,0
BRDA:47,13,0,0
BRDA:47,13,1,0
BRDA:48,14,0,0
BRDA:48,14,1,0
BRDA:48,15,0,0
BRDA:48,15,1,0
BRDA:62,16,0,0
BRDA:62,16,1,0
BRDA:62,17,0,0
BRDA:62,17,1,0
BRDA:65,18,0,0
BRDA:65,18,1,0
BRDA:65,19,0,0
BRDA:65,19,1,0
BRDA:76,20,0,0
BRDA:76,20,1,0
BRDA:82,21,0,0
BRDA:82,21,1,0
BRDA:82,22,0,0
BRDA:82,22,1,0
BRDA:82,22,2,0
BRDA:82,22,3,0
BRDA:82,22,4,0
BRDA:90,23,0,0
BRDA:90,23,1,0
BRDA:93,24,0,0
BRDA:93,24,1,0
BRDA:107,25,0,0
BRDA:107,25,1,0
BRDA:128,26,0,0
BRDA:128,26,1,0
BRDA:128,27,0,0
BRDA:128,27,1,0
BRDA:145,28,0,0
BRDA:145,28,1,0
BRDA:145,29,0,0
BRDA:145,29,1,0
BRDA:162,30,0,0
BRDA:162,30,1,0
BRDA:162,30,2,0
BRDA:162,30,3,0
BRDA:169,31,0,0
BRDA:169,31,1,0
BRDA:169,31,2,0
BRDA:169,31,3,0
BRDA:174,32,0,0
BRDA:174,32,1,0
BRDA:174,33,0,0
BRDA:174,33,1,0
BRF:75
BRH:0
end_of_record
TN:
SF:game\pass-handler.js
FN:15,applyPassViaPipeline
FN:63,handleDoublePlaceNoSecondMove
FN:65,(anonymous_2)
FN:105,handleBlackPassWhenNoMoves
FN:106,(anonymous_4)
FN:133,processPassTurn
FNF:6
FNH:0
FNDA:0,applyPassViaPipeline
FNDA:0,handleDoublePlaceNoSecondMove
FNDA:0,(anonymous_2)
FNDA:0,handleBlackPassWhenNoMoves
FNDA:0,(anonymous_4)
FNDA:0,processPassTurn
DA:4,0
DA:5,0
DA:8,0
DA:16,0
DA:17,0
DA:21,0
DA:25,0
DA:26,0
DA:30,0
DA:31,0
DA:32,0
DA:33,0
DA:35,0
DA:37,0
DA:38,0
DA:41,0
DA:42,0
DA:43,0
DA:46,0
DA:49,0
DA:50,0
DA:51,0
DA:54,0
DA:55,0
DA:56,0
DA:59,0
DA:64,0
DA:65,0
DA:66,0
DA:67,0
DA:69,0
DA:70,0
DA:71,0
DA:74,0
DA:75,0
DA:77,0
DA:78,0
DA:79,0
DA:80,0
DA:83,0
DA:84,0
DA:85,0
DA:86,0
DA:87,0
DA:88,0
DA:89,0
DA:91,0
DA:93,0
DA:94,0
DA:95,0
DA:96,0
DA:97,0
DA:98,0
DA:100,0
DA:106,0
DA:107,0
DA:108,0
DA:109,0
DA:111,0
DA:112,0
DA:113,0
DA:116,0
DA:117,0
DA:118,0
DA:119,0
DA:120,0
DA:122,0
DA:123,0
DA:124,0
DA:125,0
DA:126,0
DA:128,0
DA:134,0
DA:135,0
DA:136,0
DA:137,0
DA:139,0
DA:140,0
DA:141,0
DA:144,0
DA:145,0
DA:147,0
DA:148,0
DA:149,0
DA:150,0
DA:153,0
DA:154,0
DA:155,0
DA:156,0
DA:159,0
DA:163,0
DA:167,0
DA:169,0
DA:170,0
DA:171,0
DA:172,0
DA:173,0
DA:176,0
DA:177,0
DA:178,0
DA:179,0
DA:181,0
DA:182,0
DA:183,0
DA:185,0
DA:188,0
DA:191,0
DA:192,0
DA:193,0
DA:194,0
DA:196,0
DA:197,0
DA:198,0
DA:200,0
LF:114
LH:0
BRDA:4,0,0,0
BRDA:4,0,1,0
BRDA:16,1,0,0
BRDA:16,1,1,0
BRDA:21,2,0,0
BRDA:21,2,1,0
BRDA:21,3,0,0
BRDA:21,3,1,0
BRDA:21,3,2,0
BRDA:25,4,0,0
BRDA:25,4,1,0
BRDA:25,5,0,0
BRDA:25,5,1,0
BRDA:25,5,2,0
BRDA:30,6,0,0
BRDA:30,6,1,0
BRDA:32,7,0,0
BRDA:32,7,1,0
BRDA:41,8,0,0
BRDA:41,8,1,0
BRDA:41,9,0,0
BRDA:41,9,1,0
BRDA:54,10,0,0
BRDA:54,10,1,0
BRDA:54,11,0,0
BRDA:54,11,1,0
BRDA:59,12,0,0
BRDA:59,12,1,0
BRDA:67,13,0,0
BRDA:67,13,1,0
BRDA:70,14,0,0
BRDA:70,14,1,0
BRDA:77,15,0,0
BRDA:77,15,1,0
BRDA:83,16,0,0
BRDA:83,16,1,0
BRDA:86,17,0,0
BRDA:86,17,1,0
BRDA:88,18,0,0
BRDA:88,18,1,0
BRDA:95,19,0,0
BRDA:95,19,1,0
BRDA:97,20,0,0
BRDA:97,20,1,0
BRDA:109,21,0,0
BRDA:109,21,1,0
BRDA:112,22,0,0
BRDA:112,22,1,0
BRDA:118,23,0,0
BRDA:118,23,1,0
BRDA:123,24,0,0
BRDA:123,24,1,0
BRDA:125,25,0,0
BRDA:125,25,1,0
BRDA:134,26,0,0
BRDA:134,26,1,0
BRDA:135,27,0,0
BRDA:135,27,1,0
BRDA:137,28,0,0
BRDA:137,28,1,0
BRDA:140,29,0,0
BRDA:140,29,1,0
BRDA:147,30,0,0
BRDA:147,30,1,0
BRDA:154,31,0,0
BRDA:154,31,1,0
BRDA:159,32,0,0
BRDA:159,32,1,0
BRDA:163,33,0,0
BRDA:163,33,1,0
BRDA:169,34,0,0
BRDA:169,34,1,0
BRDA:170,35,0,0
BRDA:170,35,1,0
BRDA:176,36,0,0
BRDA:176,36,1,0
BRDA:178,37,0,0
BRDA:178,37,1,0
BRDA:181,38,0,0
BRDA:181,38,1,0
BRDA:191,39,0,0
BRDA:191,39,1,0
BRDA:193,40,0,0
BRDA:193,40,1,0
BRDA:197,41,0,0
BRDA:197,41,1,0
BRF:86
BRH:0
end_of_record
TN:
SF:game\special-effects-handler.js
FN:19,(anonymous_0)
FN:33,(anonymous_1)
FNF:2
FNH:0
FNDA:0,(anonymous_0)
FNDA:0,(anonymous_1)
DA:19,0
DA:20,0
DA:28,0
DA:29,0
DA:30,0
DA:33,0
DA:34,0
DA:35,0
LF:8
LH:0
BRDA:28,0,0,0
BRDA:28,0,1,0
BRDA:34,1,0,0
BRDA:34,1,1,0
BRF:4
BRH:0
end_of_record
TN:
SF:game\turn-manager.js
FN:31,handleCellClick
FN:99,(anonymous_1)
FN:101,(anonymous_2)
FN:108,isAnimationInProgress
FN:114,getPlayerKey
FN:118,getPlayerName
FN:122,resetGame
FN:150,(anonymous_7)
FN:193,(anonymous_8)
FN:203,(anonymous_9)
FN:207,(anonymous_10)
FN:238,onTurnStart
FN:305,(anonymous_12)
FN:308,(anonymous_13)
FN:364,(anonymous_14)
FN:394,(anonymous_15)
FN:416,(anonymous_16)
FNF:17
FNH:5
FNDA:0,handleCellClick
FNDA:0,(anonymous_1)
FNDA:0,(anonymous_2)
FNDA:0,isAnimationInProgress
FNDA:1,getPlayerKey
FNDA:2,getPlayerName
FNDA:2,resetGame
FNDA:0,(anonymous_7)
FNDA:0,(anonymous_8)
FNDA:0,(anonymous_9)
FNDA:0,(anonymous_10)
FNDA:1,onTurnStart
FNDA:2,(anonymous_12)
FNDA:0,(anonymous_13)
FNDA:0,(anonymous_14)
FNDA:0,(anonymous_15)
FNDA:0,(anonymous_16)
DA:7,2
DA:8,2
DA:9,2
DA:10,2
DA:11,2
DA:12,2
DA:15,2
DA:16,2
DA:23,2
DA:24,2
DA:25,2
DA:26,0
DA:27,0
DA:28,0
DA:33,0
DA:35,0
DA:36,0
DA:45,0
DA:47,0
DA:48,0
DA:51,0
DA:52,0
DA:53,0
DA:55,0
DA:56,0
DA:57,0
DA:59,0
DA:61,0
DA:62,0
DA:63,0
DA:65,0
DA:67,0
DA:68,0
DA:69,0
DA:71,0
DA:75,0
DA:76,0
DA:78,0
DA:79,0
DA:80,0
DA:81,0
DA:82,0
DA:83,0
DA:88,0
DA:91,0
DA:92,0
DA:99,0
DA:100,0
DA:101,0
DA:103,0
DA:109,0
DA:110,0
DA:111,0
DA:115,1
DA:119,2
DA:126,2
DA:127,2
DA:128,2
DA:129,0
DA:131,2
DA:132,0
DA:135,2
DA:137,2
DA:138,0
DA:141,2
DA:143,2
DA:145,2
DA:148,0
DA:149,0
DA:150,0
DA:151,0
DA:153,0
DA:154,0
DA:155,0
DA:156,0
DA:157,0
DA:158,0
DA:161,0
DA:167,2
DA:168,1
DA:169,1
DA:170,1
DA:173,2
DA:174,0
DA:175,0
DA:178,2
DA:179,2
DA:180,2
DA:183,2
DA:184,2
DA:185,2
DA:187,0
DA:188,0
DA:191,2
DA:192,0
DA:194,0
DA:195,0
DA:197,0
DA:199,0
DA:200,0
DA:204,0
DA:205,0
DA:208,0
DA:209,0
DA:210,0
DA:212,0
DA:213,0
DA:218,2
DA:219,2
DA:220,2
DA:221,2
DA:222,0
DA:223,0
DA:225,0
DA:227,1
DA:228,2
DA:239,1
DA:241,1
DA:242,1
DA:243,1
DA:246,1
DA:248,1
DA:249,0
DA:255,1
DA:256,1
DA:257,1
DA:258,1
DA:259,0
DA:261,1
DA:263,1
DA:269,0
DA:272,1
DA:273,1
DA:275,1
DA:276,0
DA:279,1
DA:282,1
DA:283,1
DA:286,1
DA:288,1
DA:289,1
DA:290,1
DA:291,1
DA:292,1
DA:293,1
DA:294,1
DA:295,1
DA:298,1
DA:299,1
DA:300,0
DA:304,1
DA:305,1
DA:306,2
DA:307,0
DA:308,0
DA:314,0
DA:316,1
DA:323,1
DA:324,0
DA:326,1
DA:327,0
DA:329,1
DA:330,0
DA:332,1
DA:333,0
DA:335,1
DA:336,0
DA:340,1
DA:341,1
DA:344,1
DA:345,0
DA:346,1
DA:349,1
DA:350,0
DA:351,0
DA:352,0
DA:353,0
DA:355,0
DA:361,2
DA:362,2
DA:364,2
DA:365,0
DA:366,0
DA:367,0
DA:368,0
DA:369,0
DA:370,0
DA:374,0
DA:375,0
DA:376,0
DA:377,0
DA:378,0
DA:381,0
DA:386,2
DA:389,2
DA:390,2
DA:391,2
DA:394,2
DA:395,0
DA:396,0
DA:397,0
DA:398,0
DA:400,0
DA:401,0
DA:407,2
DA:408,2
DA:415,2
DA:416,2
DA:417,0
DA:418,0
DA:419,0
DA:420,0
LF:212
LH:95
BRDA:15,0,0,2
BRDA:15,0,1,0
BRDA:15,1,0,2
BRDA:15,1,1,2
BRDA:23,2,0,2
BRDA:23,2,1,0
BRDA:24,3,0,2
BRDA:24,3,1,0
BRDA:25,4,0,2
BRDA:25,4,1,0
BRDA:26,5,0,0
BRDA:26,5,1,0
BRDA:27,6,0,0
BRDA:27,6,1,0
BRDA:28,7,0,0
BRDA:28,7,1,0
BRDA:35,8,0,0
BRDA:35,8,1,0
BRDA:45,9,0,0
BRDA:45,9,1,0
BRDA:51,10,0,0
BRDA:51,10,1,0
BRDA:51,11,0,0
BRDA:51,11,1,0
BRDA:51,11,2,0
BRDA:55,12,0,0
BRDA:55,12,1,0
BRDA:55,13,0,0
BRDA:55,13,1,0
BRDA:55,13,2,0
BRDA:56,14,0,0
BRDA:56,14,1,0
BRDA:61,15,0,0
BRDA:61,15,1,0
BRDA:61,16,0,0
BRDA:61,16,1,0
BRDA:61,16,2,0
BRDA:62,17,0,0
BRDA:62,17,1,0
BRDA:67,18,0,0
BRDA:67,18,1,0
BRDA:67,19,0,0
BRDA:67,19,1,0
BRDA:67,19,2,0
BRDA:68,20,0,0
BRDA:68,20,1,0
BRDA:75,21,0,0
BRDA:75,21,1,0
BRDA:75,21,2,0
BRDA:76,22,0,0
BRDA:76,22,1,0
BRDA:81,23,0,0
BRDA:81,23,1,0
BRDA:82,24,0,0
BRDA:82,24,1,0
BRDA:91,25,0,0
BRDA:91,25,1,0
BRDA:93,26,0,0
BRDA:93,26,1,0
BRDA:100,27,0,0
BRDA:100,27,1,0
BRDA:109,28,0,0
BRDA:109,28,1,0
BRDA:109,29,0,0
BRDA:109,29,1,0
BRDA:109,30,0,0
BRDA:109,30,1,0
BRDA:110,31,0,0
BRDA:110,31,1,0
BRDA:110,32,0,0
BRDA:110,32,1,0
BRDA:110,33,0,0
BRDA:110,33,1,0
BRDA:111,34,0,0
BRDA:111,34,1,0
BRDA:115,35,0,1
BRDA:115,35,1,0
BRDA:119,36,0,2
BRDA:119,36,1,0
BRDA:126,37,0,0
BRDA:126,37,1,2
BRDA:127,38,0,0
BRDA:127,38,1,2
BRDA:128,39,0,0
BRDA:128,39,1,2
BRDA:129,40,0,0
BRDA:129,40,1,0
BRDA:131,41,0,0
BRDA:131,41,1,2
BRDA:132,42,0,0
BRDA:132,42,1,0
BRDA:137,43,0,0
BRDA:137,43,1,2
BRDA:145,44,0,0
BRDA:145,44,1,2
BRDA:149,45,0,0
BRDA:149,45,1,0
BRDA:149,46,0,0
BRDA:149,46,1,0
BRDA:153,47,0,0
BRDA:153,47,1,0
BRDA:153,48,0,0
BRDA:153,48,1,0
BRDA:156,49,0,0
BRDA:156,49,1,0
BRDA:161,50,0,0
BRDA:161,50,1,0
BRDA:167,51,0,1
BRDA:167,51,1,1
BRDA:167,52,0,2
BRDA:167,52,1,1
BRDA:173,53,0,0
BRDA:173,53,1,2
BRDA:175,54,0,0
BRDA:175,54,1,0
BRDA:183,55,0,2
BRDA:183,55,1,0
BRDA:191,56,0,0
BRDA:191,56,1,2
BRDA:194,57,0,0
BRDA:194,57,1,0
BRDA:208,58,0,0
BRDA:208,58,1,0
BRDA:218,59,0,2
BRDA:218,59,1,0
BRDA:220,60,0,2
BRDA:220,60,1,0
BRDA:220,61,0,2
BRDA:220,61,1,2
BRDA:222,62,0,0
BRDA:222,62,1,0
BRDA:222,63,0,0
BRDA:222,63,1,0
BRDA:241,64,0,1
BRDA:241,64,1,0
BRDA:241,65,0,0
BRDA:241,65,1,0
BRDA:242,66,0,1
BRDA:242,66,1,0
BRDA:242,67,0,0
BRDA:242,67,1,0
BRDA:243,68,0,1
BRDA:243,68,1,0
BRDA:243,69,0,1
BRDA:243,69,1,0
BRDA:248,70,0,0
BRDA:248,70,1,1
BRDA:256,71,0,1
BRDA:256,71,1,0
BRDA:256,72,0,1
BRDA:256,72,1,1
BRDA:258,73,0,0
BRDA:258,73,1,1
BRDA:263,74,0,1
BRDA:263,74,1,1
BRDA:263,74,2,0
BRDA:275,75,0,0
BRDA:275,75,1,1
BRDA:286,76,0,1
BRDA:286,76,1,0
BRDA:289,77,0,1
BRDA:289,77,1,0
BRDA:292,78,0,1
BRDA:292,78,1,0
BRDA:292,79,0,1
BRDA:292,79,1,1
BRDA:294,80,0,0
BRDA:294,80,1,1
BRDA:295,81,0,1
BRDA:295,81,1,0
BRDA:295,81,2,1
BRDA:295,81,3,1
BRDA:298,82,0,1
BRDA:298,82,1,0
BRDA:299,83,0,0
BRDA:299,83,1,1
BRDA:304,84,0,0
BRDA:304,84,1,1
BRDA:304,85,0,0
BRDA:304,85,1,1
BRDA:306,86,0,0
BRDA:306,86,1,2
BRDA:316,87,0,1
BRDA:316,87,1,0
BRDA:323,88,0,0
BRDA:323,88,1,1
BRDA:326,89,0,0
BRDA:326,89,1,1
BRDA:329,90,0,0
BRDA:329,90,1,1
BRDA:332,91,0,0
BRDA:332,91,1,1
BRDA:335,92,0,0
BRDA:335,92,1,1
BRDA:344,93,0,1
BRDA:344,93,1,0
BRDA:345,94,0,0
BRDA:345,94,1,0
BRDA:346,95,0,0
BRDA:346,95,1,1
BRDA:349,96,0,0
BRDA:349,96,1,1
BRDA:350,97,0,0
BRDA:350,97,1,0
BRDA:355,98,0,0
BRDA:355,98,1,0
BRDA:365,99,0,0
BRDA:365,99,1,0
BRDA:367,100,0,0
BRDA:367,100,1,0
BRDA:369,101,0,0
BRDA:369,101,1,0
BRDA:395,102,0,0
BRDA:395,102,1,0
BRDA:395,103,0,0
BRDA:395,103,1,0
BRDA:407,104,0,2
BRDA:407,104,1,0
BRDA:407,105,0,2
BRDA:407,105,1,2
BRDA:415,106,0,2
BRDA:415,106,1,0
BRDA:417,107,0,0
BRDA:417,107,1,0
BRDA:417,108,0,0
BRDA:417,108,1,0
BRDA:419,109,0,0
BRDA:419,109,1,0
BRDA:419,110,0,0
BRDA:419,110,1,0
BRF:230
BRH:64
end_of_record
TN:
SF:game\visual-effects-map.js
FN:139,getEffectKeyForPendingType
FN:157,getEffectKeyForSpecialType
FN:169,applyStoneVisualEffect
FN:219,maybeInjectFallbackImg
FN:220,(anonymous_4)
FN:314,(anonymous_5)
FN:320,(anonymous_6)
FN:331,removeStoneVisualEffect
FN:349,(anonymous_8)
FN:358,getSupportedEffectKeys
FN:387,setSpecialStoneScale
FNF:11
FNH:0
FNDA:0,getEffectKeyForPendingType
FNDA:0,getEffectKeyForSpecialType
FNDA:0,applyStoneVisualEffect
FNDA:0,maybeInjectFallbackImg
FNDA:0,(anonymous_4)
FNDA:0,(anonymous_5)
FNDA:0,(anonymous_6)
FNDA:0,removeStoneVisualEffect
FNDA:0,(anonymous_8)
FNDA:0,getSupportedEffectKeys
FNDA:0,setSpecialStoneScale
DA:22,0
DA:125,0
DA:140,0
DA:144,0
DA:158,0
DA:170,0
DA:171,0
DA:172,0
DA:173,0
DA:177,0
DA:178,0
DA:179,0
DA:183,0
DA:186,0
DA:189,0
DA:191,0
DA:194,0
DA:195,0
DA:196,0
DA:197,0
DA:200,0
DA:201,0
DA:204,0
DA:206,0
DA:210,0
DA:211,0
DA:219,0
DA:220,0
DA:221,0
DA:222,0
DA:223,0
DA:225,0
DA:226,0
DA:227,0
DA:228,0
DA:229,0
DA:230,0
DA:231,0
DA:232,0
DA:233,0
DA:234,0
DA:236,0
DA:237,0
DA:238,0
DA:239,0
DA:240,0
DA:241,0
DA:242,0
DA:243,0
DA:244,0
DA:245,0
DA:247,0
DA:249,0
DA:251,0
DA:257,0
DA:259,0
DA:262,0
DA:266,0
DA:267,0
DA:268,0
DA:269,0
DA:270,0
DA:271,0
DA:274,0
DA:275,0
DA:276,0
DA:278,0
DA:279,0
DA:282,0
DA:283,0
DA:286,0
DA:287,0
DA:288,0
DA:289,0
DA:291,0
DA:293,0
DA:299,0
DA:300,0
DA:301,0
DA:303,0
DA:304,0
DA:306,0
DA:307,0
DA:308,0
DA:309,0
DA:314,0
DA:315,0
DA:319,0
DA:320,0
DA:321,0
DA:332,0
DA:333,0
DA:335,0
DA:337,0
DA:338,0
DA:339,0
DA:340,0
DA:341,0
DA:342,0
DA:344,0
DA:345,0
DA:349,0
DA:350,0
DA:359,0
DA:363,0
DA:364,0
DA:377,0
DA:378,0
DA:379,0
DA:380,0
DA:381,0
DA:382,0
DA:383,0
DA:384,0
DA:387,0
DA:388,0
DA:389,0
DA:390,0
DA:391,0
DA:393,0
DA:394,0
LF:121
LH:0
BRDA:140,0,0,0
BRDA:140,0,1,0
BRDA:158,1,0,0
BRDA:158,1,1,0
BRDA:169,2,0,0
BRDA:171,3,0,0
BRDA:171,3,1,0
BRDA:177,4,0,0
BRDA:177,4,1,0
BRDA:189,5,0,0
BRDA:189,5,1,0
BRDA:194,6,0,0
BRDA:194,6,1,0
BRDA:194,7,0,0
BRDA:194,7,1,0
BRDA:200,8,0,0
BRDA:200,8,1,0
BRDA:200,9,0,0
BRDA:200,9,1,0
BRDA:204,10,0,0
BRDA:204,10,1,0
BRDA:223,11,0,0
BRDA:223,11,1,0
BRDA:225,12,0,0
BRDA:225,12,1,0
BRDA:225,12,2,0
BRDA:226,13,0,0
BRDA:226,13,1,0
BRDA:226,13,2,0
BRDA:228,14,0,0
BRDA:228,14,1,0
BRDA:228,15,0,0
BRDA:228,15,1,0
BRDA:229,16,0,0
BRDA:229,16,1,0
BRDA:249,17,0,0
BRDA:249,17,1,0
BRDA:249,18,0,0
BRDA:249,18,1,0
BRDA:249,18,2,0
BRDA:259,19,0,0
BRDA:259,19,1,0
BRDA:262,20,0,0
BRDA:262,20,1,0
BRDA:262,21,0,0
BRDA:262,21,1,0
BRDA:266,22,0,0
BRDA:266,22,1,0
BRDA:266,23,0,0
BRDA:266,23,1,0
BRDA:266,23,2,0
BRDA:269,24,0,0
BRDA:269,24,1,0
BRDA:269,25,0,0
BRDA:269,25,1,0
BRDA:269,25,2,0
BRDA:275,26,0,0
BRDA:275,26,1,0
BRDA:276,27,0,0
BRDA:276,27,1,0
BRDA:278,28,0,0
BRDA:278,28,1,0
BRDA:279,29,0,0
BRDA:279,29,1,0
BRDA:287,30,0,0
BRDA:287,30,1,0
BRDA:299,31,0,0
BRDA:299,31,1,0
BRDA:299,32,0,0
BRDA:299,32,1,0
BRDA:299,32,2,0
BRDA:300,33,0,0
BRDA:300,33,1,0
BRDA:301,34,0,0
BRDA:301,34,1,0
BRDA:307,35,0,0
BRDA:307,35,1,0
BRDA:314,36,0,0
BRDA:314,36,1,0
BRDA:319,37,0,0
BRDA:319,37,1,0
BRDA:333,38,0,0
BRDA:333,38,1,0
BRDA:337,39,0,0
BRDA:337,39,1,0
BRDA:342,40,0,0
BRDA:342,40,1,0
BRDA:349,41,0,0
BRDA:349,41,1,0
BRDA:363,42,0,0
BRDA:363,42,1,0
BRDA:363,43,0,0
BRDA:363,43,1,0
BRDA:389,44,0,0
BRDA:389,44,1,0
BRDA:389,45,0,0
BRDA:389,45,1,0
BRDA:393,46,0,0
BRDA:393,46,1,0
BRDA:393,47,0,0
BRDA:393,47,1,0
BRF:101
BRH:0
end_of_record
TN:
SF:game\ai\level-system.js
FN:9,(anonymous_0)
FN:11,(anonymous_1)
FN:16,(anonymous_2)
FNF:3
FNH:0
FNDA:0,(anonymous_0)
FNDA:0,(anonymous_1)
FNDA:0,(anonymous_2)
DA:9,0
DA:10,0
DA:12,0
DA:14,0
DA:18,0
DA:22,0
DA:23,0
DA:25,0
DA:26,0
DA:28,0
LF:10
LH:0
BRDA:11,0,0,0
BRDA:11,1,0,0
BRDA:12,2,0,0
BRDA:12,2,1,0
BRDA:12,3,0,0
BRDA:12,3,1,0
BRDA:22,4,0,0
BRDA:22,4,1,0
BRDA:22,5,0,0
BRDA:22,5,1,0
BRDA:25,6,0,0
BRDA:25,6,1,0
BRDA:28,7,0,0
BRDA:28,7,1,0
BRDA:29,8,0,0
BRDA:29,8,1,0
BRF:16
BRH:0
end_of_record
TN:
SF:game\card-effects\destroy.js
FN:6,handleDestroySelection
FN:17,executeDestroy
FNF:2
FNH:1
FNDA:0,handleDestroySelection
FNDA:1,executeDestroy
DA:9,0
DA:10,0
DA:11,0
DA:12,0
DA:14,0
DA:18,1
DA:19,1
DA:20,1
DA:22,1
DA:23,1
DA:26,1
DA:30,1
DA:31,1
DA:34,1
DA:38,1
DA:40,0
DA:41,0
DA:42,0
DA:45,1
DA:46,0
DA:47,0
DA:51,1
DA:52,1
DA:55,1
DA:56,0
DA:57,1
DA:58,0
DA:61,1
DA:62,1
DA:63,1
DA:64,1
DA:67,1
DA:68,1
DA:72,1
DA:73,1
DA:74,1
LF:36
LH:24
BRDA:10,0,0,0
BRDA:10,0,1,0
BRDA:18,1,0,0
BRDA:18,1,1,1
BRDA:18,2,0,1
BRDA:18,2,1,1
BRDA:20,3,0,1
BRDA:20,3,1,0
BRDA:23,4,0,0
BRDA:23,4,1,1
BRDA:26,5,0,1
BRDA:26,5,1,0
BRDA:26,6,0,1
BRDA:26,6,1,1
BRDA:26,6,2,1
BRDA:30,7,0,1
BRDA:30,7,1,0
BRDA:30,8,0,1
BRDA:30,8,1,1
BRDA:30,8,2,1
BRDA:34,9,0,1
BRDA:34,9,1,0
BRDA:34,10,0,1
BRDA:34,10,1,1
BRDA:38,11,0,0
BRDA:38,11,1,1
BRDA:45,12,0,0
BRDA:45,12,1,1
BRDA:51,13,0,1
BRDA:51,13,1,0
BRDA:52,14,0,1
BRDA:52,14,1,0
BRDA:55,15,0,0
BRDA:55,15,1,1
BRDA:55,16,0,1
BRDA:55,16,1,0
BRDA:55,16,2,0
BRDA:55,16,3,0
BRDA:57,17,0,0
BRDA:57,17,1,1
BRDA:57,18,0,1
BRDA:57,18,1,0
BRDA:61,19,0,1
BRDA:61,19,1,0
BRDA:62,20,0,1
BRDA:62,20,1,0
BRDA:63,21,0,1
BRDA:63,21,1,0
BRDA:64,22,0,1
BRDA:64,22,1,0
BRDA:72,23,0,1
BRDA:72,23,1,0
BRF:52
BRH:29
end_of_record
TN:
SF:game\card-effects\helpers.js
FN:7,getPlayerKey
FN:11,getPlayerDisplayName
FN:15,getOwner
FN:24,getActiveProtectionForPlayer
FN:27,(anonymous_4)
FN:37,getEffectKeyForType
FNF:6
FNH:0
FNDA:0,getPlayerKey
FNDA:0,getPlayerDisplayName
FNDA:0,getOwner
FNDA:0,getActiveProtectionForPlayer
FNDA:0,(anonymous_4)
FNDA:0,getEffectKeyForType
DA:8,0
DA:12,0
DA:16,0
DA:25,0
DA:26,0
DA:27,0
DA:28,0
DA:38,0
DA:48,0
DA:51,0
DA:52,0
DA:53,0
DA:54,0
DA:55,0
DA:56,0
LF:15
LH:0
BRDA:8,0,0,0
BRDA:8,0,1,0
BRDA:12,1,0,0
BRDA:12,1,1,0
BRDA:16,2,0,0
BRDA:16,2,1,0
BRDA:25,3,0,0
BRDA:25,3,1,0
BRDA:25,4,0,0
BRDA:25,4,1,0
BRDA:26,5,0,0
BRDA:26,5,1,0
BRDA:28,6,0,0
BRDA:28,6,1,0
BRDA:48,7,0,0
BRDA:48,7,1,0
BRDA:51,8,0,0
BRDA:51,8,1,0
BRF:18
BRH:0
end_of_record
TN:
SF:game\card-effects\inherit.js
FN:6,handleInheritSelection
FNF:1
FNH:0
FNDA:0,handleInheritSelection
DA:7,0
DA:8,0
DA:9,0
DA:11,0
DA:12,0
DA:13,0
DA:14,0
DA:15,0
DA:18,0
DA:19,0
DA:22,0
DA:23,0
DA:24,0
DA:25,0
DA:26,0
DA:27,0
DA:36,0
DA:37,0
DA:39,0
DA:40,0
DA:44,0
DA:45,0
LF:22
LH:0
BRDA:7,0,0,0
BRDA:7,0,1,0
BRDA:7,1,0,0
BRDA:7,1,1,0
BRDA:9,2,0,0
BRDA:9,2,1,0
BRDA:13,3,0,0
BRDA:13,3,1,0
BRDA:13,4,0,0
BRDA:13,4,1,0
BRDA:14,5,0,0
BRDA:14,5,1,0
BRDA:14,6,0,0
BRDA:14,6,1,0
BRDA:18,7,0,0
BRDA:18,7,1,0
BRDA:19,8,0,0
BRDA:19,8,1,0
BRDA:23,9,0,0
BRDA:23,9,1,0
BRDA:24,10,0,0
BRDA:24,10,1,0
BRDA:24,11,0,0
BRDA:24,11,1,0
BRDA:26,12,0,0
BRDA:26,12,1,0
BRDA:36,13,0,0
BRDA:36,13,1,0
BRDA:37,14,0,0
BRDA:37,14,1,0
BRDA:44,15,0,0
BRDA:44,15,1,0
BRF:32
BRH:0
end_of_record
TN:
SF:game\card-effects\placement.js
FN:6,logPlacementEffects
FN:53,applyProtectionAfterMove
FNF:2
FNH:0
FNDA:0,logPlacementEffects
FNDA:0,applyProtectionAfterMove
DA:7,0
DA:8,0
DA:10,0
DA:11,0
DA:13,0
DA:14,0
DA:16,0
DA:17,0
DA:19,0
DA:20,0
DA:22,0
DA:23,0
DA:24,0
DA:25,0
DA:28,0
DA:29,0
DA:31,0
DA:32,0
DA:34,0
DA:35,0
DA:37,0
DA:38,0
DA:40,0
DA:41,0
DA:43,0
DA:44,0
DA:56,0
DA:57,0
DA:58,0
DA:59,0
DA:62,0
DA:64,0
DA:65,0
DA:68,0
DA:69,0
DA:72,0
DA:73,0
DA:76,0
DA:77,0
DA:80,0
DA:81,0
DA:82,0
DA:83,0
DA:87,0
DA:88,0
DA:91,0
DA:92,0
DA:95,0
DA:96,0
DA:98,0
DA:99,0
DA:101,0
DA:102,0
DA:105,0
DA:106,0
DA:110,0
DA:111,0
DA:113,0
DA:114,0
DA:116,0
DA:117,0
DA:120,0
DA:122,0
DA:125,0
DA:126,0
DA:127,0
LF:66
LH:0
BRDA:7,0,0,0
BRDA:7,0,1,0
BRDA:10,1,0,0
BRDA:10,1,1,0
BRDA:13,2,0,0
BRDA:13,2,1,0
BRDA:16,3,0,0
BRDA:16,3,1,0
BRDA:19,4,0,0
BRDA:19,4,1,0
BRDA:22,5,0,0
BRDA:22,5,1,0
BRDA:24,6,0,0
BRDA:24,6,1,0
BRDA:28,7,0,0
BRDA:28,7,1,0
BRDA:31,8,0,0
BRDA:31,8,1,0
BRDA:34,9,0,0
BRDA:34,9,1,0
BRDA:37,10,0,0
BRDA:37,10,1,0
BRDA:40,11,0,0
BRDA:40,11,1,0
BRDA:43,12,0,0
BRDA:43,12,1,0
BRDA:56,13,0,0
BRDA:56,13,1,0
BRDA:57,14,0,0
BRDA:57,14,1,0
BRDA:64,15,0,0
BRDA:64,15,1,0
BRDA:68,16,0,0
BRDA:68,16,1,0
BRDA:72,17,0,0
BRDA:72,17,1,0
BRDA:76,18,0,0
BRDA:76,18,1,0
BRDA:80,19,0,0
BRDA:80,19,1,0
BRDA:82,20,0,0
BRDA:82,20,1,0
BRDA:87,21,0,0
BRDA:87,21,1,0
BRDA:91,22,0,0
BRDA:91,22,1,0
BRDA:95,23,0,0
BRDA:95,23,1,0
BRDA:98,24,0,0
BRDA:98,24,1,0
BRDA:101,25,0,0
BRDA:101,25,1,0
BRDA:105,26,0,0
BRDA:105,26,1,0
BRDA:110,27,0,0
BRDA:110,27,1,0
BRDA:110,28,0,0
BRDA:110,28,1,0
BRDA:113,29,0,0
BRDA:113,29,1,0
BRDA:113,30,0,0
BRDA:113,30,1,0
BRDA:116,31,0,0
BRDA:116,31,1,0
BRDA:116,32,0,0
BRDA:116,32,1,0
BRDA:120,33,0,0
BRDA:120,33,1,0
BRDA:120,33,2,0
BRDA:120,33,3,0
BRDA:125,34,0,0
BRDA:125,34,1,0
BRF:72
BRH:0
end_of_record
TN:
SF:game\card-effects\swap.js
FN:6,handleSwapSelection
FN:33,(anonymous_1)
FNF:2
FNH:0
FNDA:0,handleSwapSelection
FNDA:0,(anonymous_1)
DA:7,0
DA:8,0
DA:9,0
DA:11,0
DA:12,0
DA:13,0
DA:17,0
DA:19,0
DA:20,0
DA:21,0
DA:22,0
DA:25,0
DA:28,0
DA:29,0
DA:30,0
DA:33,0
DA:34,0
DA:36,0
DA:45,0
DA:46,0
DA:47,0
DA:49,0
DA:50,0
DA:54,0
DA:55,0
LF:25
LH:0
BRDA:7,0,0,0
BRDA:7,0,1,0
BRDA:7,1,0,0
BRDA:7,1,1,0
BRDA:9,2,0,0
BRDA:9,2,1,0
BRDA:13,3,0,0
BRDA:13,3,1,0
BRDA:13,4,0,0
BRDA:13,4,1,0
BRDA:13,4,2,0
BRDA:17,5,0,0
BRDA:17,5,1,0
BRDA:20,6,0,0
BRDA:20,6,1,0
BRDA:25,7,0,0
BRDA:25,7,1,0
BRDA:29,8,0,0
BRDA:29,8,1,0
BRDA:30,9,0,0
BRDA:30,9,1,0
BRDA:30,10,0,0
BRDA:30,10,1,0
BRDA:33,11,0,0
BRDA:33,11,1,0
BRDA:34,12,0,0
BRDA:34,12,1,0
BRDA:45,13,0,0
BRDA:45,13,1,0
BRDA:46,14,0,0
BRDA:46,14,1,0
BRDA:47,15,0,0
BRDA:47,15,1,0
BRDA:54,16,0,0
BRDA:54,16,1,0
BRF:35
BRH:0
end_of_record
TN:
SF:game\card-effects\tempt.js
FN:6,handleTemptSelection
FN:16,(anonymous_1)
FN:36,(anonymous_2)
FNF:3
FNH:0
FNDA:0,handleTemptSelection
FNDA:0,(anonymous_1)
FNDA:0,(anonymous_2)
DA:7,0
DA:8,0
DA:9,0
DA:11,0
DA:12,0
DA:13,0
DA:16,0
DA:17,0
DA:18,0
DA:19,0
DA:21,0
DA:22,0
DA:23,0
DA:24,0
DA:27,0
DA:30,0
DA:31,0
DA:32,0
DA:36,0
DA:37,0
DA:39,0
DA:48,0
DA:49,0
DA:50,0
DA:52,0
DA:53,0
DA:57,0
DA:58,0
LF:28
LH:0
BRDA:7,0,0,0
BRDA:7,0,1,0
BRDA:7,1,0,0
BRDA:7,1,1,0
BRDA:9,2,0,0
BRDA:9,2,1,0
BRDA:13,3,0,0
BRDA:13,3,1,0
BRDA:13,4,0,0
BRDA:13,4,1,0
BRDA:13,4,2,0
BRDA:16,5,0,0
BRDA:16,5,1,0
BRDA:17,6,0,0
BRDA:17,6,1,0
BRDA:19,7,0,0
BRDA:19,7,1,0
BRDA:22,8,0,0
BRDA:22,8,1,0
BRDA:22,9,0,0
BRDA:22,9,1,0
BRDA:27,10,0,0
BRDA:27,10,1,0
BRDA:31,11,0,0
BRDA:31,11,1,0
BRDA:32,12,0,0
BRDA:32,12,1,0
BRDA:32,13,0,0
BRDA:32,13,1,0
BRDA:36,14,0,0
BRDA:36,14,1,0
BRDA:37,15,0,0
BRDA:37,15,1,0
BRDA:48,16,0,0
BRDA:48,16,1,0
BRDA:49,17,0,0
BRDA:49,17,1,0
BRDA:50,18,0,0
BRDA:50,18,1,0
BRDA:57,19,0,0
BRDA:57,19,1,0
BRF:41
BRH:0
end_of_record
TN:
SF:game\logic\board_ops.js
FN:1,(anonymous_0)
FN:7,(anonymous_1)
FN:12,_ensureCardState
FN:17,allocateStoneId
FN:22,emitPresentationEvent
FN:39,spawnAt
FN:46,(anonymous_6)
FN:62,destroyAt
FN:77,(anonymous_8)
FN:80,(anonymous_9)
FN:95,changeAt
FN:118,moveAt
FN:149,setActionContext
FN:154,clearActionContext
FNF:14
FNH:13
FNDA:40,(anonymous_0)
FNDA:40,(anonymous_1)
FNDA:195,_ensureCardState
FNDA:21,allocateStoneId
FNDA:77,emitPresentationEvent
FNDA:21,spawnAt
FNDA:32,(anonymous_6)
FNDA:9,destroyAt
FNDA:7,(anonymous_8)
FNDA:0,(anonymous_9)
FNDA:37,changeAt
FNDA:5,moveAt
FNDA:25,setActionContext
FNDA:25,clearActionContext
DA:1,40
DA:2,40
DA:3,40
DA:5,0
DA:10,40
DA:13,195
DA:14,195
DA:18,21
DA:19,21
DA:23,77
DA:25,77
DA:26,77
DA:27,77
DA:28,77
DA:30,77
DA:31,77
DA:34,77
DA:35,41
DA:40,21
DA:41,21
DA:42,21
DA:43,21
DA:46,32
DA:47,21
DA:49,21
DA:59,21
DA:63,9
DA:64,9
DA:65,9
DA:67,9
DA:68,9
DA:69,6
DA:70,6
DA:74,9
DA:76,9
DA:77,9
DA:79,9
DA:80,6
DA:82,9
DA:92,9
DA:96,37
DA:97,37
DA:98,37
DA:99,37
DA:101,36
DA:103,36
DA:104,36
DA:115,36
DA:119,5
DA:120,5
DA:121,5
DA:123,5
DA:125,5
DA:126,5
DA:127,5
DA:128,5
DA:131,5
DA:132,5
DA:133,5
DA:146,5
DA:150,25
DA:151,25
DA:155,25
DA:158,40
LF:64
LH:63
BRDA:2,0,0,40
BRDA:2,0,1,0
BRDA:2,1,0,40
BRDA:2,1,1,40
BRDA:7,2,0,0
BRDA:7,2,1,40
BRDA:10,3,0,40
BRDA:10,3,1,0
BRDA:13,4,0,9
BRDA:13,4,1,186
BRDA:14,5,0,9
BRDA:14,5,1,186
BRDA:14,6,0,195
BRDA:14,6,1,186
BRDA:25,7,0,77
BRDA:25,7,1,36
BRDA:26,8,0,0
BRDA:26,8,1,77
BRDA:26,9,0,77
BRDA:26,9,1,0
BRDA:26,10,0,77
BRDA:26,10,1,64
BRDA:27,11,0,0
BRDA:27,11,1,77
BRDA:27,12,0,77
BRDA:27,12,1,0
BRDA:27,13,0,41
BRDA:27,13,1,36
BRDA:27,14,0,36
BRDA:27,14,1,29
BRDA:28,15,0,0
BRDA:28,15,1,77
BRDA:28,16,0,77
BRDA:28,16,1,0
BRDA:28,17,0,41
BRDA:28,17,1,36
BRDA:34,18,0,41
BRDA:34,18,1,36
BRDA:34,19,0,77
BRDA:34,19,1,77
BRDA:39,20,0,21
BRDA:41,21,0,21
BRDA:41,21,1,0
BRDA:41,22,0,21
BRDA:41,22,1,0
BRDA:41,23,0,0
BRDA:41,23,1,0
BRDA:46,24,0,4
BRDA:46,24,1,17
BRDA:55,25,0,21
BRDA:55,25,1,0
BRDA:56,26,0,21
BRDA:56,26,1,0
BRDA:62,27,0,9
BRDA:65,28,0,0
BRDA:65,28,1,9
BRDA:68,29,0,6
BRDA:68,29,1,3
BRDA:76,30,0,9
BRDA:76,30,1,0
BRDA:77,31,0,7
BRDA:77,31,1,6
BRDA:79,32,0,6
BRDA:79,32,1,3
BRDA:80,33,0,0
BRDA:80,33,1,0
BRDA:87,34,0,9
BRDA:87,34,1,0
BRDA:87,35,0,9
BRDA:87,35,1,0
BRDA:88,36,0,9
BRDA:88,36,1,0
BRDA:89,37,0,9
BRDA:89,37,1,0
BRDA:95,38,0,37
BRDA:98,39,0,29
BRDA:98,39,1,8
BRDA:98,40,0,29
BRDA:98,40,1,0
BRDA:98,41,0,8
BRDA:98,41,1,0
BRDA:99,42,0,1
BRDA:99,42,1,36
BRDA:101,43,0,30
BRDA:101,43,1,6
BRDA:109,44,0,8
BRDA:109,44,1,28
BRDA:109,45,0,36
BRDA:109,45,1,0
BRDA:111,46,0,36
BRDA:111,46,1,0
BRDA:112,47,0,36
BRDA:112,47,1,0
BRDA:118,48,0,5
BRDA:121,49,0,0
BRDA:121,49,1,5
BRDA:123,50,0,0
BRDA:123,50,1,5
BRDA:125,51,0,5
BRDA:125,51,1,0
BRDA:126,52,0,5
BRDA:126,52,1,0
BRDA:140,53,0,4
BRDA:140,53,1,1
BRDA:140,54,0,5
BRDA:140,54,1,0
BRDA:141,55,0,4
BRDA:141,55,1,1
BRDA:141,56,0,5
BRDA:141,56,1,0
BRDA:142,57,0,5
BRDA:142,57,1,0
BRDA:143,58,0,5
BRDA:143,58,1,0
BRDA:155,59,0,25
BRDA:155,59,1,0
BRDA:155,60,0,25
BRDA:155,60,1,25
BRF:118
BRH:81
end_of_record
TN:
SF:game\logic\cards.js
FN:7,(anonymous_0)
FN:15,(anonymous_1)
FN:33,destroyAt
FN:42,(anonymous_3)
FN:45,(anonymous_4)
FN:52,clearBombAt
FN:55,(anonymous_6)
FN:63,(anonymous_7)
FN:64,(anonymous_8)
FN:69,(anonymous_9)
FN:83,(anonymous_10)
FN:97,(anonymous_11)
FN:111,(anonymous_12)
FN:130,createCardState
FN:135,(anonymous_14)
FN:150,(anonymous_15)
FN:150,(anonymous_16)
FN:183,(anonymous_17)
FN:184,(anonymous_18)
FN:210,copyCardState
FN:229,(anonymous_20)
FN:230,(anonymous_21)
FN:234,(anonymous_22)
FN:238,(anonymous_23)
FN:239,(anonymous_24)
FN:240,(anonymous_25)
FN:240,(anonymous_26)
FN:254,dealInitialHands
FN:278,initGame
FN:308,addMarker
FN:365,removeMarkerById
FN:368,(anonymous_31)
FN:377,(anonymous_32)
FN:384,(anonymous_33)
FN:401,commitDraw
FN:433,getCardDef
FN:437,(anonymous_36)
FN:445,getCardType
FN:452,getCardDisplayName
FN:460,getCardCodeName
FN:464,(anonymous_40)
FN:473,getCardCost
FN:488,canUseCard
FN:502,applyCardUsage
FN:558,getSpecialMarkerAt
FN:562,(anonymous_45)
FN:564,(anonymous_46)
FN:569,isSpecialStoneAt
FN:576,getSpecialOwnerAt
FN:585,getTemptWillTargets
FN:609,applyTemptWill
FN:631,(anonymous_51)
FN:633,(anonymous_52)
FN:641,(anonymous_53)
FN:654,(anonymous_54)
FN:655,(anonymous_55)
FN:670,onTurnStart
FN:689,(anonymous_57)
FN:733,applyPlacementEffects
FN:974,isNormalStoneForPlayer
FN:985,(anonymous_60)
FN:988,(anonymous_61)
FN:993,applyStrongWill
FN:995,(anonymous_63)
FN:1009,applyRegenWill
FN:1028,applyRegenAfterFlips
FN:1060,applyInheritWill
FN:1070,getDirectionalChainFlips
FN:1085,applyChainWillAfterMove
FN:1137,tickBombs
FN:1159,processDragonEffects
FN:1180,processDragonEffectsAtAnchor
FN:1200,processUltimateDestroyGodEffects
FN:1219,processUltimateDestroyGodEffectsAtAnchor
FN:1242,getFlipsWithContextLocal
FN:1257,clearHyperactiveAtPositions
FN:1259,(anonymous_76)
FN:1260,(anonymous_77)
FN:1265,moveHyperactiveOnce
FN:1296,processHyperactiveMoves
FN:1327,processHyperactiveMoveAtAnchor
FN:1358,processBreedingEffects
FN:1393,processBreedingEffectsAtAnchor
FN:1428,applyDestroyEffect
FN:1449,applySwapEffect
FN:1471,getCardContext
FN:1473,(anonymous_86)
FN:1476,(anonymous_87)
FN:1478,(anonymous_88)
FN:1497,onTurnEnd
FN:1512,hasPendingEffect
FN:1517,allocateStoneId
FN:1524,emitPresentationEvent
FN:1537,flushPresentationEvents
FN:1550,getPendingEffectType
FN:1562,getSelectableTargets
FN:1604,(anonymous_96)
FN:1605,(anonymous_97)
FN:1607,(anonymous_98)
FNF:99
FNH:58
FNDA:37,(anonymous_0)
FNDA:37,(anonymous_1)
FNDA:0,destroyAt
FNDA:0,(anonymous_3)
FNDA:0,(anonymous_4)
FNDA:15,clearBombAt
FNDA:1,(anonymous_6)
FNDA:88,(anonymous_7)
FNDA:0,(anonymous_8)
FNDA:37,(anonymous_9)
FNDA:37,(anonymous_10)
FNDA:37,(anonymous_11)
FNDA:37,(anonymous_12)
FNDA:66,createCardState
FNDA:1320,(anonymous_14)
FNDA:1320,(anonymous_15)
FNDA:1320,(anonymous_16)
FNDA:66,(anonymous_17)
FNDA:528,(anonymous_18)
FNDA:0,copyCardState
FNDA:0,(anonymous_20)
FNDA:0,(anonymous_21)
FNDA:0,(anonymous_22)
FNDA:0,(anonymous_23)
FNDA:0,(anonymous_24)
FNDA:0,(anonymous_25)
FNDA:0,(anonymous_26)
FNDA:6,dealInitialHands
FNDA:2,initGame
FNDA:8,addMarker
FNDA:0,removeMarkerById
FNDA:0,(anonymous_31)
FNDA:0,(anonymous_32)
FNDA:0,(anonymous_33)
FNDA:24,commitDraw
FNDA:2,getCardDef
FNDA:0,(anonymous_36)
FNDA:19,getCardType
FNDA:0,getCardDisplayName
FNDA:0,getCardCodeName
FNDA:0,(anonymous_40)
FNDA:20,getCardCost
FNDA:1,canUseCard
FNDA:19,applyCardUsage
FNDA:0,getSpecialMarkerAt
FNDA:0,(anonymous_45)
FNDA:0,(anonymous_46)
FNDA:7,isSpecialStoneAt
FNDA:7,getSpecialOwnerAt
FNDA:9,getTemptWillTargets
FNDA:7,applyTemptWill
FNDA:6,(anonymous_51)
FNDA:6,(anonymous_52)
FNDA:1,(anonymous_53)
FNDA:3,(anonymous_54)
FNDA:0,(anonymous_55)
FNDA:25,onTurnStart
FNDA:5,(anonymous_57)
FNDA:17,applyPlacementEffects
FNDA:0,isNormalStoneForPlayer
FNDA:0,(anonymous_60)
FNDA:0,(anonymous_61)
FNDA:0,applyStrongWill
FNDA:0,(anonymous_63)
FNDA:0,applyRegenWill
FNDA:15,applyRegenAfterFlips
FNDA:0,applyInheritWill
FNDA:0,getDirectionalChainFlips
FNDA:14,applyChainWillAfterMove
FNDA:22,tickBombs
FNDA:25,processDragonEffects
FNDA:1,processDragonEffectsAtAnchor
FNDA:22,processUltimateDestroyGodEffects
FNDA:0,processUltimateDestroyGodEffectsAtAnchor
FNDA:7,getFlipsWithContextLocal
FNDA:20,clearHyperactiveAtPositions
FNDA:4,(anonymous_76)
FNDA:6,(anonymous_77)
FNDA:0,moveHyperactiveOnce
FNDA:22,processHyperactiveMoves
FNDA:1,processHyperactiveMoveAtAnchor
FNDA:24,processBreedingEffects
FNDA:2,processBreedingEffectsAtAnchor
FNDA:1,applyDestroyEffect
FNDA:5,applySwapEffect
FNDA:63,getCardContext
FNDA:14,(anonymous_86)
FNDA:14,(anonymous_87)
FNDA:4,(anonymous_88)
FNDA:0,onTurnEnd
FNDA:0,hasPendingEffect
FNDA:0,allocateStoneId
FNDA:4,emitPresentationEvent
FNDA:23,flushPresentationEvents
FNDA:14,getPendingEffectType
FNDA:0,getSelectableTargets
FNDA:0,(anonymous_96)
FNDA:0,(anonymous_97)
FNDA:0,(anonymous_98)
DA:7,37
DA:8,37
DA:10,37
DA:13,0
DA:18,37
DA:20,37
DA:21,0
DA:25,37
DA:26,37
DA:27,37
DA:28,37
DA:29,37
DA:30,37
DA:31,37
DA:34,0
DA:35,0
DA:36,0
DA:39,0
DA:41,0
DA:42,0
DA:44,0
DA:45,0
DA:48,0
DA:49,0
DA:53,15
DA:54,1
DA:55,1
DA:56,1
DA:62,37
DA:63,88
DA:65,0
DA:69,37
DA:70,37
DA:71,37
DA:72,37
DA:74,0
DA:77,0
DA:80,0
DA:83,37
DA:84,37
DA:85,37
DA:86,37
DA:88,0
DA:91,0
DA:94,0
DA:97,37
DA:98,37
DA:99,37
DA:100,37
DA:102,0
DA:105,0
DA:108,0
DA:111,37
DA:112,37
DA:113,37
DA:114,37
DA:116,0
DA:119,0
DA:122,0
DA:131,66
DA:135,1320
DA:136,66
DA:137,66
DA:138,1320
DA:139,1320
DA:142,66
DA:143,66
DA:144,1320
DA:145,1320
DA:146,1320
DA:149,66
DA:150,1320
DA:151,66
DA:153,66
DA:155,66
DA:157,66
DA:184,528
DA:185,66
DA:186,66
DA:211,0
DA:229,0
DA:230,0
DA:234,0
DA:238,0
DA:239,0
DA:240,0
DA:255,6
DA:256,6
DA:257,12
DA:258,12
DA:262,6
DA:263,6
DA:279,2
DA:280,0
DA:284,2
DA:287,2
DA:290,2
DA:309,8
DA:310,8
DA:312,8
DA:322,8
DA:323,4
DA:325,8
DA:328,8
DA:330,7
DA:331,7
DA:333,7
DA:346,1
DA:347,1
DA:356,8
DA:366,0
DA:368,0
DA:369,0
DA:371,0
DA:372,0
DA:375,0
DA:376,0
DA:377,0
DA:379,0
DA:380,0
DA:382,0
DA:383,0
DA:384,0
DA:386,0
DA:387,0
DA:391,0
DA:402,24
DA:405,24
DA:406,0
DA:410,24
DA:411,0
DA:412,0
DA:413,0
DA:414,0
DA:416,0
DA:420,24
DA:421,24
DA:422,24
DA:423,24
DA:425,0
DA:434,2
DA:435,2
DA:437,0
DA:446,19
DA:447,19
DA:449,0
DA:453,0
DA:454,0
DA:456,0
DA:457,0
DA:461,0
DA:462,0
DA:464,0
DA:465,0
DA:474,20
DA:475,20
DA:477,0
DA:478,0
DA:489,1
DA:490,1
DA:491,1
DA:492,1
DA:505,19
DA:506,19
DA:507,19
DA:508,19
DA:509,19
DA:510,19
DA:511,19
DA:514,19
DA:515,19
DA:517,19
DA:518,19
DA:520,19
DA:521,19
DA:524,19
DA:525,19
DA:526,9
DA:527,9
DA:528,9
DA:532,17
DA:534,17
DA:536,17
DA:538,17
DA:539,17
DA:542,17
DA:546,17
DA:549,17
DA:550,1
DA:551,1
DA:552,1
DA:555,17
DA:559,0
DA:560,0
DA:562,0
DA:563,0
DA:564,0
DA:565,0
DA:566,0
DA:570,7
DA:571,7
DA:573,0
DA:577,7
DA:578,7
DA:580,0
DA:581,0
DA:582,0
DA:586,9
DA:587,9
DA:588,9
DA:589,9
DA:590,9
DA:596,0
DA:597,0
DA:598,0
DA:599,0
DA:600,0
DA:601,0
DA:602,0
DA:603,0
DA:606,0
DA:610,7
DA:611,7
DA:612,0
DA:615,7
DA:616,7
DA:617,7
DA:618,7
DA:621,7
DA:622,7
DA:624,0
DA:625,0
DA:629,7
DA:630,7
DA:631,6
DA:632,6
DA:633,6
DA:634,6
DA:635,6
DA:636,6
DA:637,6
DA:640,7
DA:641,1
DA:642,1
DA:643,1
DA:648,7
DA:650,3
DA:651,3
DA:654,3
DA:655,3
DA:657,3
DA:660,7
DA:661,7
DA:671,25
DA:673,25
DA:674,24
DA:675,24
DA:678,24
DA:681,24
DA:684,24
DA:685,0
DA:689,24
DA:691,5
DA:692,5
DA:693,5
DA:695,5
DA:703,24
DA:704,24
DA:705,0
DA:706,0
DA:708,24
DA:709,24
DA:710,24
DA:711,24
DA:712,24
DA:713,1
DA:714,23
DA:715,0
DA:734,17
DA:735,17
DA:736,17
DA:737,17
DA:738,17
DA:739,17
DA:740,17
DA:743,17
DA:751,17
DA:752,2
DA:753,2
DA:758,17
DA:759,1
DA:760,1
DA:764,17
DA:766,1
DA:767,1
DA:769,1
DA:770,1
DA:771,1
DA:772,1
DA:774,0
DA:775,0
DA:776,0
DA:777,0
DA:782,17
DA:784,1
DA:785,1
DA:787,1
DA:788,1
DA:789,1
DA:790,1
DA:791,1
DA:794,0
DA:800,0
DA:801,0
DA:802,0
DA:803,0
DA:804,0
DA:810,17
DA:811,17
DA:814,17
DA:816,0
DA:817,0
DA:819,0
DA:820,0
DA:821,0
DA:823,0
DA:827,0
DA:832,17
DA:834,0
DA:835,0
DA:837,0
DA:838,0
DA:839,0
DA:841,0
DA:842,0
DA:847,17
DA:848,0
DA:849,0
DA:854,17
DA:855,17
DA:856,17
DA:858,1
DA:859,1
DA:860,0
DA:861,0
DA:863,1
DA:864,1
DA:865,1
DA:866,1
DA:867,1
DA:868,1
DA:870,0
DA:873,0
DA:875,1
DA:881,17
DA:883,0
DA:884,0
DA:885,0
DA:887,0
DA:890,0
DA:891,0
DA:892,0
DA:894,0
DA:898,0
DA:903,17
DA:905,1
DA:906,1
DA:908,1
DA:909,1
DA:910,1
DA:912,0
DA:916,0
DA:921,17
DA:922,1
DA:923,1
DA:927,1
DA:931,17
DA:932,0
DA:936,0
DA:940,17
DA:941,1
DA:942,1
DA:946,1
DA:950,17
DA:952,3
DA:953,3
DA:955,3
DA:956,3
DA:957,3
DA:960,0
DA:961,0
DA:962,0
DA:967,17
DA:968,17
DA:971,17
DA:975,0
DA:976,0
DA:978,0
DA:979,0
DA:980,0
DA:982,0
DA:984,0
DA:985,0
DA:987,0
DA:988,0
DA:990,0
DA:994,0
DA:995,0
DA:996,0
DA:998,0
DA:999,0
DA:1003,0
DA:1011,0
DA:1012,0
DA:1013,0
DA:1016,0
DA:1017,0
DA:1019,0
DA:1020,0
DA:1030,15
DA:1031,15
DA:1032,15
DA:1039,0
DA:1040,0
DA:1046,0
DA:1047,0
DA:1061,0
DA:1062,0
DA:1065,0
DA:1066,0
DA:1067,0
DA:1072,0
DA:1073,0
DA:1074,0
DA:1077,0
DA:1078,0
DA:1080,0
DA:1081,0
DA:1086,14
DA:1087,14
DA:1088,14
DA:1091,0
DA:1092,0
DA:1093,0
DA:1096,0
DA:1097,0
DA:1098,0
DA:1099,0
DA:1100,0
DA:1101,0
DA:1102,0
DA:1104,0
DA:1106,0
DA:1108,0
DA:1109,0
DA:1112,0
DA:1113,0
DA:1114,0
DA:1115,0
DA:1116,0
DA:1117,0
DA:1119,0
DA:1121,0
DA:1123,0
DA:1124,0
DA:1126,0
DA:1127,0
DA:1139,22
DA:1140,22
DA:1141,22
DA:1144,0
DA:1145,0
DA:1147,0
DA:1148,0
DA:1161,25
DA:1162,25
DA:1163,25
DA:1166,0
DA:1167,0
DA:1170,0
DA:1171,0
DA:1182,1
DA:1183,1
DA:1184,1
DA:1187,0
DA:1188,0
DA:1191,0
DA:1192,0
DA:1202,22
DA:1203,22
DA:1204,22
DA:1207,0
DA:1208,0
DA:1210,0
DA:1211,0
DA:1221,0
DA:1222,0
DA:1223,0
DA:1226,0
DA:1227,0
DA:1229,0
DA:1230,0
DA:1244,7
DA:1245,7
DA:1246,7
DA:1249,0
DA:1250,0
DA:1252,0
DA:1253,0
DA:1258,20
DA:1259,4
DA:1260,4
DA:1261,6
DA:1267,0
DA:1268,0
DA:1269,0
DA:1280,0
DA:1281,0
DA:1291,0
DA:1292,0
DA:1298,22
DA:1299,22
DA:1300,22
DA:1311,0
DA:1312,0
DA:1322,0
DA:1323,0
DA:1329,1
DA:1330,1
DA:1331,1
DA:1342,0
DA:1343,0
DA:1353,0
DA:1354,0
DA:1360,24
DA:1361,24
DA:1362,24
DA:1373,0
DA:1374,0
DA:1384,0
DA:1385,0
DA:1395,2
DA:1396,2
DA:1397,2
DA:1408,0
DA:1409,0
DA:1419,0
DA:1420,0
DA:1430,1
DA:1431,1
DA:1432,1
DA:1433,1
DA:1436,0
DA:1437,0
DA:1438,0
DA:1440,0
DA:1441,0
DA:1451,5
DA:1452,5
DA:1453,5
DA:1454,5
DA:1457,0
DA:1458,0
DA:1459,0
DA:1461,0
DA:1462,0
DA:1473,63
DA:1476,63
DA:1477,14
DA:1478,4
DA:1484,63
DA:1500,0
DA:1501,0
DA:1502,0
DA:1513,0
DA:1518,0
DA:1519,0
DA:1520,0
DA:1521,0
DA:1525,4
DA:1527,4
DA:1528,4
DA:1529,4
DA:1531,0
DA:1533,0
DA:1534,0
DA:1538,23
DA:1539,23
DA:1540,23
DA:1541,23
DA:1551,14
DA:1552,14
DA:1563,0
DA:1564,0
DA:1567,0
DA:1568,0
DA:1569,0
DA:1570,0
DA:1571,0
DA:1572,0
DA:1574,0
DA:1575,0
DA:1577,0
DA:1578,0
DA:1586,0
DA:1587,0
DA:1588,0
DA:1590,0
DA:1591,0
DA:1592,0
DA:1593,0
DA:1594,0
DA:1598,0
DA:1601,0
DA:1602,0
DA:1604,0
DA:1605,0
DA:1607,0
DA:1609,0
DA:1610,0
DA:1611,0
DA:1612,0
DA:1613,0
DA:1614,0
DA:1617,0
DA:1620,0
DA:1621,0
DA:1622,0
DA:1623,0
DA:1624,0
DA:1628,0
DA:1631,0
DA:1632,0
DA:1635,0
DA:1638,37
LF:635
LH:315
BRDA:8,0,0,37
BRDA:8,0,1,0
BRDA:8,1,0,37
BRDA:8,1,1,37
BRDA:15,2,0,0
BRDA:15,2,1,37
BRDA:18,3,0,37
BRDA:18,3,1,0
BRDA:20,4,0,0
BRDA:20,4,1,37
BRDA:34,5,0,0
BRDA:34,5,1,0
BRDA:34,6,0,0
BRDA:34,6,1,0
BRDA:39,7,0,0
BRDA:39,7,1,0
BRDA:41,8,0,0
BRDA:41,8,1,0
BRDA:42,9,0,0
BRDA:42,9,1,0
BRDA:44,10,0,0
BRDA:44,10,1,0
BRDA:45,11,0,0
BRDA:45,11,1,0
BRDA:53,12,0,14
BRDA:53,12,1,1
BRDA:53,13,0,15
BRDA:53,13,1,15
BRDA:53,13,2,15
BRDA:55,14,0,1
BRDA:55,14,1,1
BRDA:70,15,0,37
BRDA:70,15,1,0
BRDA:77,16,0,0
BRDA:77,16,1,0
BRDA:79,17,0,0
BRDA:79,17,1,0
BRDA:79,18,0,0
BRDA:79,18,1,0
BRDA:80,19,0,0
BRDA:80,19,1,0
BRDA:84,20,0,37
BRDA:84,20,1,0
BRDA:91,21,0,0
BRDA:91,21,1,0
BRDA:93,22,0,0
BRDA:93,22,1,0
BRDA:93,23,0,0
BRDA:93,23,1,0
BRDA:94,24,0,0
BRDA:94,24,1,0
BRDA:98,25,0,37
BRDA:98,25,1,0
BRDA:105,26,0,0
BRDA:105,26,1,0
BRDA:107,27,0,0
BRDA:107,27,1,0
BRDA:107,28,0,0
BRDA:107,28,1,0
BRDA:108,29,0,0
BRDA:108,29,1,0
BRDA:112,30,0,37
BRDA:112,30,1,0
BRDA:119,31,0,0
BRDA:119,31,1,0
BRDA:121,32,0,0
BRDA:121,32,1,0
BRDA:121,33,0,0
BRDA:121,33,1,0
BRDA:122,34,0,0
BRDA:122,34,1,0
BRDA:131,35,0,66
BRDA:131,35,1,4
BRDA:138,36,0,1320
BRDA:138,36,1,0
BRDA:225,37,0,0
BRDA:225,37,1,0
BRDA:226,38,0,0
BRDA:226,38,1,0
BRDA:234,39,0,0
BRDA:234,39,1,0
BRDA:234,40,0,0
BRDA:234,40,1,0
BRDA:235,41,0,0
BRDA:235,41,1,0
BRDA:240,42,0,0
BRDA:240,42,1,0
BRDA:241,43,0,0
BRDA:241,43,1,0
BRDA:255,44,0,6
BRDA:255,44,1,0
BRDA:279,45,0,0
BRDA:279,45,1,2
BRDA:279,46,0,2
BRDA:279,46,1,2
BRDA:292,47,0,2
BRDA:292,47,1,0
BRDA:309,48,0,8
BRDA:309,48,1,4
BRDA:318,49,0,8
BRDA:318,49,1,0
BRDA:322,50,0,4
BRDA:322,50,1,4
BRDA:328,51,0,7
BRDA:328,51,1,1
BRDA:331,52,0,1
BRDA:331,52,1,6
BRDA:331,53,0,7
BRDA:331,53,1,7
BRDA:346,54,0,1
BRDA:346,54,1,0
BRDA:366,55,0,0
BRDA:366,55,1,0
BRDA:369,56,0,0
BRDA:369,56,1,0
BRDA:375,57,0,0
BRDA:375,57,1,0
BRDA:377,58,0,0
BRDA:377,58,1,0
BRDA:377,58,2,0
BRDA:379,59,0,0
BRDA:379,59,1,0
BRDA:382,60,0,0
BRDA:382,60,1,0
BRDA:384,61,0,0
BRDA:384,61,1,0
BRDA:386,62,0,0
BRDA:386,62,1,0
BRDA:402,63,0,24
BRDA:402,63,1,0
BRDA:405,64,0,0
BRDA:405,64,1,24
BRDA:410,65,0,0
BRDA:410,65,1,24
BRDA:411,66,0,0
BRDA:411,66,1,0
BRDA:420,67,0,24
BRDA:420,67,1,0
BRDA:434,68,0,2
BRDA:434,68,1,0
BRDA:434,69,0,2
BRDA:434,69,1,2
BRDA:437,70,0,0
BRDA:437,70,1,0
BRDA:446,71,0,19
BRDA:446,71,1,0
BRDA:446,72,0,19
BRDA:446,72,1,19
BRDA:449,73,0,0
BRDA:449,73,1,0
BRDA:453,74,0,0
BRDA:453,74,1,0
BRDA:453,75,0,0
BRDA:453,75,1,0
BRDA:457,76,0,0
BRDA:457,76,1,0
BRDA:461,77,0,0
BRDA:461,77,1,0
BRDA:461,78,0,0
BRDA:461,78,1,0
BRDA:465,79,0,0
BRDA:465,79,1,0
BRDA:474,80,0,20
BRDA:474,80,1,0
BRDA:474,81,0,20
BRDA:474,81,1,20
BRDA:478,82,0,0
BRDA:478,82,1,0
BRDA:489,83,0,0
BRDA:489,83,1,1
BRDA:490,84,0,0
BRDA:490,84,1,1
BRDA:507,85,0,19
BRDA:507,85,1,0
BRDA:507,86,0,19
BRDA:507,86,1,19
BRDA:507,86,2,19
BRDA:515,87,0,1
BRDA:515,87,1,18
BRDA:515,88,0,19
BRDA:515,88,1,1
BRDA:518,89,0,0
BRDA:518,89,1,19
BRDA:521,90,0,0
BRDA:521,90,1,19
BRDA:525,91,0,9
BRDA:525,91,1,10
BRDA:526,92,0,0
BRDA:526,92,1,9
BRDA:528,93,0,2
BRDA:528,93,1,7
BRDA:542,94,0,17
BRDA:542,94,1,17
BRDA:542,94,2,17
BRDA:542,94,3,17
BRDA:546,95,0,7
BRDA:546,95,1,10
BRDA:549,96,0,1
BRDA:549,96,1,16
BRDA:550,97,0,0
BRDA:550,97,1,1
BRDA:559,98,0,0
BRDA:559,98,1,0
BRDA:559,99,0,0
BRDA:559,99,1,0
BRDA:562,100,0,0
BRDA:562,100,1,0
BRDA:562,101,0,0
BRDA:562,101,1,0
BRDA:563,102,0,0
BRDA:563,102,1,0
BRDA:564,103,0,0
BRDA:564,103,1,0
BRDA:564,104,0,0
BRDA:564,104,1,0
BRDA:565,105,0,0
BRDA:565,105,1,0
BRDA:570,106,0,7
BRDA:570,106,1,0
BRDA:570,107,0,7
BRDA:570,107,1,7
BRDA:577,108,0,7
BRDA:577,108,1,0
BRDA:577,109,0,7
BRDA:577,109,1,7
BRDA:581,110,0,0
BRDA:581,110,1,0
BRDA:582,111,0,0
BRDA:582,111,1,0
BRDA:582,112,0,0
BRDA:582,112,1,0
BRDA:586,113,0,9
BRDA:586,113,1,0
BRDA:586,114,0,9
BRDA:586,114,1,0
BRDA:586,114,2,0
BRDA:588,115,0,9
BRDA:588,115,1,0
BRDA:589,116,0,9
BRDA:589,116,1,0
BRDA:589,117,0,9
BRDA:589,117,1,9
BRDA:596,118,0,0
BRDA:596,118,1,0
BRDA:600,119,0,0
BRDA:600,119,1,0
BRDA:601,120,0,0
BRDA:601,120,1,0
BRDA:602,121,0,0
BRDA:602,121,1,0
BRDA:611,122,0,0
BRDA:611,122,1,7
BRDA:611,123,0,7
BRDA:611,123,1,7
BRDA:611,123,2,7
BRDA:615,124,0,3
BRDA:615,124,1,4
BRDA:616,125,0,0
BRDA:616,125,1,7
BRDA:617,126,0,0
BRDA:617,126,1,7
BRDA:618,127,0,0
BRDA:618,127,1,7
BRDA:621,128,0,7
BRDA:621,128,1,0
BRDA:621,129,0,7
BRDA:621,129,1,7
BRDA:624,130,0,0
BRDA:624,130,1,0
BRDA:624,131,0,0
BRDA:624,131,1,0
BRDA:624,132,0,0
BRDA:624,132,1,0
BRDA:630,133,0,6
BRDA:630,133,1,1
BRDA:630,134,0,7
BRDA:630,134,1,7
BRDA:631,135,0,6
BRDA:631,135,1,6
BRDA:632,136,0,6
BRDA:632,136,1,6
BRDA:634,137,0,0
BRDA:634,137,1,6
BRDA:634,138,0,6
BRDA:634,138,1,6
BRDA:636,139,0,0
BRDA:636,139,1,6
BRDA:640,140,0,1
BRDA:640,140,1,6
BRDA:640,141,0,7
BRDA:640,141,1,7
BRDA:642,142,0,0
BRDA:642,142,1,1
BRDA:642,143,0,1
BRDA:642,143,1,1
BRDA:648,144,0,3
BRDA:648,144,1,4
BRDA:650,145,0,3
BRDA:650,145,1,0
BRDA:650,146,0,3
BRDA:650,146,1,3
BRDA:654,147,0,3
BRDA:654,147,1,0
BRDA:654,148,0,3
BRDA:654,148,1,3
BRDA:654,148,2,3
BRDA:655,149,0,3
BRDA:655,149,1,0
BRDA:655,150,0,0
BRDA:655,150,1,0
BRDA:655,150,2,0
BRDA:655,150,3,0
BRDA:655,150,4,0
BRDA:671,151,0,25
BRDA:671,151,1,6
BRDA:684,152,0,0
BRDA:684,152,1,24
BRDA:691,153,0,0
BRDA:691,153,1,5
BRDA:692,154,0,0
BRDA:692,154,1,5
BRDA:692,155,0,5
BRDA:692,155,1,1
BRDA:693,156,0,0
BRDA:693,156,1,5
BRDA:693,157,0,5
BRDA:693,157,1,1
BRDA:693,158,0,1
BRDA:693,158,1,0
BRDA:703,159,0,24
BRDA:703,159,1,0
BRDA:705,160,0,0
BRDA:705,160,1,0
BRDA:705,161,0,0
BRDA:705,161,1,0
BRDA:708,162,0,24
BRDA:708,162,1,0
BRDA:708,163,0,24
BRDA:708,163,1,24
BRDA:711,164,0,0
BRDA:711,164,1,24
BRDA:712,165,0,1
BRDA:712,165,1,23
BRDA:712,166,0,24
BRDA:712,166,1,1
BRDA:714,167,0,0
BRDA:714,167,1,23
BRDA:736,168,0,17
BRDA:736,168,1,0
BRDA:737,169,0,17
BRDA:737,169,1,0
BRDA:738,170,0,17
BRDA:738,170,1,0
BRDA:739,171,0,17
BRDA:739,171,1,0
BRDA:751,172,0,2
BRDA:751,172,1,15
BRDA:751,173,0,17
BRDA:751,173,1,12
BRDA:758,174,0,1
BRDA:758,174,1,16
BRDA:758,175,0,17
BRDA:758,175,1,12
BRDA:764,176,0,1
BRDA:764,176,1,16
BRDA:764,177,0,17
BRDA:764,177,1,12
BRDA:766,178,0,1
BRDA:766,178,1,0
BRDA:766,179,0,1
BRDA:766,179,1,1
BRDA:769,180,0,1
BRDA:769,180,1,0
BRDA:771,181,0,1
BRDA:771,181,1,0
BRDA:772,182,0,1
BRDA:772,182,1,0
BRDA:782,183,0,1
BRDA:782,183,1,16
BRDA:782,184,0,17
BRDA:782,184,1,12
BRDA:784,185,0,1
BRDA:784,185,1,0
BRDA:784,186,0,1
BRDA:784,186,1,1
BRDA:787,187,0,1
BRDA:787,187,1,0
BRDA:789,188,0,1
BRDA:789,188,1,0
BRDA:800,189,0,0
BRDA:800,189,1,0
BRDA:814,190,0,0
BRDA:814,190,1,17
BRDA:814,191,0,17
BRDA:814,191,1,12
BRDA:816,192,0,0
BRDA:816,192,1,0
BRDA:816,193,0,0
BRDA:816,193,1,0
BRDA:819,194,0,0
BRDA:819,194,1,0
BRDA:819,195,0,0
BRDA:819,195,1,0
BRDA:821,196,0,0
BRDA:821,196,1,0
BRDA:832,197,0,0
BRDA:832,197,1,17
BRDA:832,198,0,17
BRDA:832,198,1,12
BRDA:834,199,0,0
BRDA:834,199,1,0
BRDA:834,200,0,0
BRDA:834,200,1,0
BRDA:837,201,0,0
BRDA:837,201,1,0
BRDA:837,202,0,0
BRDA:837,202,1,0
BRDA:839,203,0,0
BRDA:839,203,1,0
BRDA:847,204,0,0
BRDA:847,204,1,17
BRDA:847,205,0,17
BRDA:847,205,1,12
BRDA:856,206,0,1
BRDA:856,206,1,16
BRDA:856,207,0,17
BRDA:856,207,1,16
BRDA:858,208,0,1
BRDA:858,208,1,0
BRDA:860,209,0,0
BRDA:860,209,1,0
BRDA:860,210,0,0
BRDA:860,210,1,0
BRDA:864,211,0,1
BRDA:864,211,1,0
BRDA:864,212,0,1
BRDA:864,212,1,1
BRDA:873,213,0,0
BRDA:873,213,1,0
BRDA:873,214,0,0
BRDA:873,214,1,0
BRDA:881,215,0,0
BRDA:881,215,1,17
BRDA:881,216,0,17
BRDA:881,216,1,12
BRDA:883,217,0,0
BRDA:883,217,1,0
BRDA:890,218,0,0
BRDA:890,218,1,0
BRDA:892,219,0,0
BRDA:892,219,1,0
BRDA:903,220,0,1
BRDA:903,220,1,16
BRDA:903,221,0,17
BRDA:903,221,1,12
BRDA:905,222,0,1
BRDA:905,222,1,0
BRDA:905,223,0,1
BRDA:905,223,1,1
BRDA:908,224,0,1
BRDA:908,224,1,0
BRDA:908,225,0,1
BRDA:908,225,1,1
BRDA:910,226,0,1
BRDA:910,226,1,0
BRDA:921,227,0,1
BRDA:921,227,1,16
BRDA:921,228,0,17
BRDA:921,228,1,12
BRDA:931,229,0,0
BRDA:931,229,1,17
BRDA:931,230,0,17
BRDA:931,230,1,12
BRDA:940,231,0,1
BRDA:940,231,1,16
BRDA:940,232,0,17
BRDA:940,232,1,12
BRDA:941,233,0,1
BRDA:941,233,1,1
BRDA:950,234,0,3
BRDA:950,234,1,14
BRDA:950,235,0,17
BRDA:950,235,1,12
BRDA:952,236,0,3
BRDA:952,236,1,0
BRDA:952,237,0,3
BRDA:952,237,1,3
BRDA:955,238,0,3
BRDA:955,238,1,0
BRDA:957,239,0,3
BRDA:957,239,1,0
BRDA:960,240,0,0
BRDA:960,240,1,0
BRDA:967,241,0,17
BRDA:967,241,1,0
BRDA:967,242,0,17
BRDA:967,242,1,12
BRDA:975,243,0,0
BRDA:975,243,1,0
BRDA:975,244,0,0
BRDA:975,244,1,0
BRDA:978,245,0,0
BRDA:978,245,1,0
BRDA:979,246,0,0
BRDA:979,246,1,0
BRDA:980,247,0,0
BRDA:980,247,1,0
BRDA:982,248,0,0
BRDA:982,248,1,0
BRDA:984,249,0,0
BRDA:984,249,1,0
BRDA:985,250,0,0
BRDA:985,250,1,0
BRDA:985,251,0,0
BRDA:985,251,1,0
BRDA:987,252,0,0
BRDA:987,252,1,0
BRDA:988,253,0,0
BRDA:988,253,1,0
BRDA:988,254,0,0
BRDA:988,254,1,0
BRDA:994,255,0,0
BRDA:994,255,1,0
BRDA:996,256,0,0
BRDA:996,256,1,0
BRDA:996,256,2,0
BRDA:998,257,0,0
BRDA:998,257,1,0
BRDA:1011,258,0,0
BRDA:1011,258,1,0
BRDA:1011,259,0,0
BRDA:1011,259,1,0
BRDA:1016,260,0,0
BRDA:1016,260,1,0
BRDA:1016,261,0,0
BRDA:1016,261,1,0
BRDA:1030,262,0,15
BRDA:1030,262,1,0
BRDA:1030,263,0,15
BRDA:1030,263,1,15
BRDA:1039,264,0,0
BRDA:1039,264,1,0
BRDA:1039,265,0,0
BRDA:1039,265,1,0
BRDA:1061,266,0,0
BRDA:1061,266,1,0
BRDA:1072,267,0,0
BRDA:1072,267,1,0
BRDA:1072,268,0,0
BRDA:1072,268,1,0
BRDA:1077,269,0,0
BRDA:1077,269,1,0
BRDA:1077,270,0,0
BRDA:1077,270,1,0
BRDA:1087,271,0,14
BRDA:1087,271,1,0
BRDA:1087,272,0,14
BRDA:1087,272,1,9
BRDA:1091,273,0,0
BRDA:1091,273,1,0
BRDA:1091,274,0,0
BRDA:1091,274,1,0
BRDA:1091,275,0,0
BRDA:1091,275,1,0
BRDA:1093,276,0,0
BRDA:1093,276,1,0
BRDA:1096,277,0,0
BRDA:1096,277,1,0
BRDA:1096,278,0,0
BRDA:1096,278,1,0
BRDA:1099,279,0,0
BRDA:1099,279,1,0
BRDA:1101,280,0,0
BRDA:1101,280,1,0
BRDA:1101,281,0,0
BRDA:1101,281,1,0
BRDA:1112,282,0,0
BRDA:1112,282,1,0
BRDA:1112,283,0,0
BRDA:1112,283,1,0
BRDA:1114,284,0,0
BRDA:1114,284,1,0
BRDA:1116,285,0,0
BRDA:1116,285,1,0
BRDA:1116,286,0,0
BRDA:1116,286,1,0
BRDA:1139,287,0,22
BRDA:1139,287,1,0
BRDA:1139,288,0,22
BRDA:1139,288,1,22
BRDA:1144,289,0,0
BRDA:1144,289,1,0
BRDA:1144,290,0,0
BRDA:1144,290,1,0
BRDA:1161,291,0,25
BRDA:1161,291,1,0
BRDA:1161,292,0,25
BRDA:1161,292,1,25
BRDA:1166,293,0,0
BRDA:1166,293,1,0
BRDA:1166,294,0,0
BRDA:1166,294,1,0
BRDA:1182,295,0,1
BRDA:1182,295,1,0
BRDA:1182,296,0,1
BRDA:1182,296,1,1
BRDA:1187,297,0,0
BRDA:1187,297,1,0
BRDA:1187,298,0,0
BRDA:1187,298,1,0
BRDA:1202,299,0,22
BRDA:1202,299,1,0
BRDA:1202,300,0,22
BRDA:1202,300,1,22
BRDA:1207,301,0,0
BRDA:1207,301,1,0
BRDA:1207,302,0,0
BRDA:1207,302,1,0
BRDA:1221,303,0,0
BRDA:1221,303,1,0
BRDA:1221,304,0,0
BRDA:1221,304,1,0
BRDA:1226,305,0,0
BRDA:1226,305,1,0
BRDA:1226,306,0,0
BRDA:1226,306,1,0
BRDA:1242,307,0,0
BRDA:1244,308,0,7
BRDA:1244,308,1,0
BRDA:1244,309,0,7
BRDA:1244,309,1,7
BRDA:1249,310,0,0
BRDA:1249,310,1,0
BRDA:1249,311,0,0
BRDA:1249,311,1,0
BRDA:1258,312,0,16
BRDA:1258,312,1,4
BRDA:1258,313,0,20
BRDA:1258,313,1,20
BRDA:1261,314,0,6
BRDA:1261,314,1,4
BRDA:1267,315,0,0
BRDA:1267,315,1,0
BRDA:1267,316,0,0
BRDA:1267,316,1,0
BRDA:1280,317,0,0
BRDA:1280,317,1,0
BRDA:1280,318,0,0
BRDA:1280,318,1,0
BRDA:1292,319,0,0
BRDA:1292,319,1,0
BRDA:1298,320,0,22
BRDA:1298,320,1,0
BRDA:1298,321,0,22
BRDA:1298,321,1,22
BRDA:1311,322,0,0
BRDA:1311,322,1,0
BRDA:1311,323,0,0
BRDA:1311,323,1,0
BRDA:1329,324,0,1
BRDA:1329,324,1,0
BRDA:1329,325,0,1
BRDA:1329,325,1,1
BRDA:1342,326,0,0
BRDA:1342,326,1,0
BRDA:1342,327,0,0
BRDA:1342,327,1,0
BRDA:1360,328,0,24
BRDA:1360,328,1,0
BRDA:1360,329,0,24
BRDA:1360,329,1,24
BRDA:1373,330,0,0
BRDA:1373,330,1,0
BRDA:1373,331,0,0
BRDA:1373,331,1,0
BRDA:1395,332,0,2
BRDA:1395,332,1,0
BRDA:1395,333,0,2
BRDA:1395,333,1,2
BRDA:1408,334,0,0
BRDA:1408,334,1,0
BRDA:1408,335,0,0
BRDA:1408,335,1,0
BRDA:1430,336,0,1
BRDA:1430,336,1,0
BRDA:1430,337,0,1
BRDA:1430,337,1,1
BRDA:1436,338,0,0
BRDA:1436,338,1,0
BRDA:1436,339,0,0
BRDA:1436,339,1,0
BRDA:1451,340,0,5
BRDA:1451,340,1,0
BRDA:1451,341,0,5
BRDA:1451,341,1,5
BRDA:1457,342,0,0
BRDA:1457,342,1,0
BRDA:1457,343,0,0
BRDA:1457,343,1,0
BRDA:1477,344,0,14
BRDA:1477,344,1,14
BRDA:1477,344,2,14
BRDA:1477,344,3,10
BRDA:1481,345,0,4
BRDA:1481,345,1,0
BRDA:1501,346,0,0
BRDA:1501,346,1,0
BRDA:1501,347,0,0
BRDA:1501,347,1,0
BRDA:1518,348,0,0
BRDA:1518,348,1,0
BRDA:1519,349,0,0
BRDA:1519,349,1,0
BRDA:1519,350,0,0
BRDA:1519,350,1,0
BRDA:1525,351,0,0
BRDA:1525,351,1,4
BRDA:1527,352,0,4
BRDA:1527,352,1,0
BRDA:1527,353,0,4
BRDA:1527,353,1,4
BRDA:1531,354,0,0
BRDA:1531,354,1,0
BRDA:1533,355,0,0
BRDA:1533,355,1,0
BRDA:1533,356,0,0
BRDA:1533,356,1,0
BRDA:1533,357,0,0
BRDA:1533,357,1,0
BRDA:1538,358,0,0
BRDA:1538,358,1,23
BRDA:1538,359,0,23
BRDA:1538,359,1,23
BRDA:1552,360,0,9
BRDA:1552,360,1,5
BRDA:1563,361,0,0
BRDA:1563,361,1,0
BRDA:1563,362,0,0
BRDA:1563,362,1,0
BRDA:1564,363,0,0
BRDA:1564,363,1,0
BRDA:1567,364,0,0
BRDA:1567,364,1,0
BRDA:1567,365,0,0
BRDA:1567,365,1,0
BRDA:1567,365,2,0
BRDA:1569,366,0,0
BRDA:1569,366,1,0
BRDA:1570,367,0,0
BRDA:1570,367,1,0
BRDA:1571,368,0,0
BRDA:1571,368,1,0
BRDA:1571,369,0,0
BRDA:1571,369,1,0
BRDA:1574,370,0,0
BRDA:1574,370,1,0
BRDA:1574,371,0,0
BRDA:1574,371,1,0
BRDA:1577,372,0,0
BRDA:1577,372,1,0
BRDA:1577,373,0,0
BRDA:1577,373,1,0
BRDA:1586,374,0,0
BRDA:1586,374,1,0
BRDA:1586,375,0,0
BRDA:1586,375,1,0
BRDA:1586,376,0,0
BRDA:1586,376,1,0
BRDA:1590,377,0,0
BRDA:1590,377,1,0
BRDA:1593,378,0,0
BRDA:1593,378,1,0
BRDA:1601,379,0,0
BRDA:1601,379,1,0
BRDA:1603,380,0,0
BRDA:1603,380,1,0
BRDA:1604,381,0,0
BRDA:1604,381,1,0
BRDA:1604,381,2,0
BRDA:1604,381,3,0
BRDA:1604,381,4,0
BRDA:1607,382,0,0
BRDA:1607,382,1,0
BRDA:1611,383,0,0
BRDA:1611,383,1,0
BRDA:1613,384,0,0
BRDA:1613,384,1,0
BRDA:1613,385,0,0
BRDA:1613,385,1,0
BRDA:1620,386,0,0
BRDA:1620,386,1,0
BRDA:1623,387,0,0
BRDA:1623,387,1,0
BRDA:1631,388,0,0
BRDA:1631,388,1,0
BRF:795
BRH:296
end_of_record
TN:
SF:game\logic\core.js
FN:7,(anonymous_0)
FN:20,(anonymous_1)
FN:36,createGameState
FN:58,copyGameState
FN:59,(anonymous_4)
FN:79,getFlipsWithContext
FN:85,(anonymous_6)
FN:88,(anonymous_7)
FN:120,applyMove
FN:137,applyPass
FN:150,isGameOver
FN:166,countDiscs
FN:184,getLegalMoves
FN:206,getFreePlacementMoves
FN:226,hasLegalMove
FNF:15
FNH:12
FNDA:31,(anonymous_0)
FNDA:31,(anonymous_1)
FNDA:54,createGameState
FNDA:10,copyGameState
FNDA:80,(anonymous_4)
FNDA:375,getFlipsWithContext
FNDA:1,(anonymous_6)
FNDA:0,(anonymous_7)
FNDA:1,applyMove
FNDA:9,applyPass
FNDA:1,isGameOver
FNDA:1,countDiscs
FNDA:6,getLegalMoves
FNDA:0,getFreePlacementMoves
FNDA:0,hasLegalMove
DA:7,31
DA:8,31
DA:10,31
DA:13,0
DA:15,0
DA:16,0
DA:17,0
DA:23,31
DA:26,31
DA:27,0
DA:37,54
DA:38,54
DA:39,432
DA:41,54
DA:42,54
DA:43,54
DA:44,54
DA:45,54
DA:59,80
DA:60,10
DA:80,375
DA:82,375
DA:83,375
DA:84,375
DA:85,1
DA:87,375
DA:88,0
DA:91,375
DA:92,375
DA:93,3000
DA:94,3000
DA:95,3000
DA:96,3000
DA:98,83
DA:100,1
DA:101,1
DA:103,82
DA:104,82
DA:105,82
DA:107,3000
DA:108,38
DA:111,375
DA:121,1
DA:122,1
DA:123,1
DA:124,1
DA:126,1
DA:127,1
DA:128,1
DA:129,1
DA:138,9
DA:139,9
DA:140,9
DA:141,9
DA:142,9
DA:151,1
DA:152,1
DA:153,1
DA:154,8
DA:155,64
DA:158,1
DA:167,1
DA:168,1
DA:169,8
DA:170,64
DA:171,62
DA:174,1
DA:185,6
DA:186,6
DA:187,48
DA:188,384
DA:189,359
DA:190,359
DA:191,23
DA:196,6
DA:207,0
DA:208,0
DA:209,0
DA:210,0
DA:211,0
DA:212,0
DA:216,0
DA:227,0
DA:228,0
DA:229,0
DA:230,0
DA:231,0
DA:235,0
DA:238,31
LF:89
LH:70
BRDA:8,0,0,31
BRDA:8,0,1,0
BRDA:8,1,0,31
BRDA:8,1,1,31
BRDA:16,2,0,0
BRDA:16,2,1,0
BRDA:20,3,0,0
BRDA:20,3,1,31
BRDA:23,4,0,31
BRDA:23,4,1,0
BRDA:26,5,0,0
BRDA:26,5,1,31
BRDA:64,6,0,10
BRDA:64,6,1,10
BRDA:79,7,0,1
BRDA:80,8,0,0
BRDA:80,8,1,375
BRDA:82,9,0,375
BRDA:82,9,1,61
BRDA:83,10,0,375
BRDA:83,10,1,62
BRDA:84,11,0,1
BRDA:84,11,1,374
BRDA:87,12,0,0
BRDA:87,12,1,375
BRDA:96,13,0,3082
BRDA:96,13,1,2938
BRDA:96,13,2,2794
BRDA:96,13,3,2662
BRDA:96,13,4,2530
BRDA:98,14,0,1
BRDA:98,14,1,82
BRDA:98,15,0,83
BRDA:98,15,1,1
BRDA:98,15,2,82
BRDA:98,15,3,0
BRDA:107,16,0,38
BRDA:107,16,1,2962
BRDA:107,17,0,3000
BRDA:107,17,1,72
BRDA:107,17,2,72
BRDA:107,17,3,72
BRDA:107,17,4,72
BRDA:107,17,5,72
BRDA:128,18,0,1
BRDA:128,18,1,1
BRDA:141,19,0,9
BRDA:141,19,1,9
BRDA:151,20,0,0
BRDA:151,20,1,1
BRDA:155,21,0,0
BRDA:155,21,1,64
BRDA:170,22,0,2
BRDA:170,22,1,62
BRDA:171,23,0,2
BRDA:171,23,1,60
BRDA:184,24,0,1
BRDA:188,25,0,359
BRDA:188,25,1,25
BRDA:190,26,0,23
BRDA:190,26,1,336
BRDA:206,27,0,0
BRDA:210,28,0,0
BRDA:210,28,1,0
BRDA:226,29,0,0
BRDA:229,30,0,0
BRDA:229,30,1,0
BRDA:231,31,0,0
BRDA:231,31,1,0
BRF:69
BRH:50
end_of_record
TN:
SF:game\logic\markers_adapter.js
FN:7,(anonymous_0)
FN:13,(anonymous_1)
FN:30,fromSpecialStone
FN:56,fromBomb
FN:75,toSpecialStone
FN:98,toBomb
FN:115,markersToSpecialStones
FN:117,(anonymous_7)
FN:126,markersToBombs
FN:128,(anonymous_9)
FN:139,toMarkers
FN:158,syncMarkersToLegacy
FN:168,syncLegacyToMarkers
FNF:13
FNH:0
FNDA:0,(anonymous_0)
FNDA:0,(anonymous_1)
FNDA:0,fromSpecialStone
FNDA:0,fromBomb
FNDA:0,toSpecialStone
FNDA:0,toBomb
FNDA:0,markersToSpecialStones
FNDA:0,(anonymous_7)
FNDA:0,markersToBombs
FNDA:0,(anonymous_9)
FNDA:0,toMarkers
FNDA:0,syncMarkersToLegacy
FNDA:0,syncLegacyToMarkers
DA:7,0
DA:8,0
DA:9,0
DA:11,0
DA:19,0
DA:31,0
DA:57,0
DA:76,0
DA:78,0
DA:99,0
DA:101,0
DA:116,0
DA:117,0
DA:127,0
DA:128,0
DA:140,0
DA:141,0
DA:143,0
DA:144,0
DA:147,0
DA:148,0
DA:151,0
DA:159,0
DA:160,0
DA:161,0
DA:169,0
DA:174,0
DA:175,0
DA:178,0
LF:29
LH:0
BRDA:8,0,0,0
BRDA:8,0,1,0
BRDA:8,1,0,0
BRDA:8,1,1,0
BRDA:13,2,0,0
BRDA:13,2,1,0
BRDA:76,3,0,0
BRDA:76,3,1,0
BRDA:99,4,0,0
BRDA:99,4,1,0
BRDA:139,5,0,0
BRDA:143,6,0,0
BRDA:143,6,1,0
BRDA:147,7,0,0
BRDA:147,7,1,0
BRDA:159,8,0,0
BRDA:159,8,1,0
BRDA:172,9,0,0
BRDA:172,9,1,0
BRF:19
BRH:0
end_of_record
TN:
SF:game\logic\position-weights.js
FN:14,(anonymous_0)
FN:22,(anonymous_1)
FN:46,getPositionScore
FN:59,isCorner
FN:69,isEdge
FN:79,isXSquare
FN:89,isCSquare
FNF:7
FNH:0
FNDA:0,(anonymous_0)
FNDA:0,(anonymous_1)
FNDA:0,getPositionScore
FNDA:0,isCorner
FNDA:0,isEdge
FNDA:0,isXSquare
FNDA:0,isCSquare
DA:14,0
DA:15,0
DA:17,0
DA:20,0
DA:29,0
DA:47,0
DA:48,0
DA:50,0
DA:60,0
DA:70,0
DA:80,0
DA:90,0
DA:94,0
LF:13
LH:0
BRDA:15,0,0,0
BRDA:15,0,1,0
BRDA:15,1,0,0
BRDA:15,1,1,0
BRDA:22,2,0,0
BRDA:22,2,1,0
BRDA:47,3,0,0
BRDA:47,3,1,0
BRDA:47,4,0,0
BRDA:47,4,1,0
BRDA:47,4,2,0
BRDA:47,4,3,0
BRDA:60,5,0,0
BRDA:60,5,1,0
BRDA:60,5,2,0
BRDA:60,5,3,0
BRDA:70,6,0,0
BRDA:70,6,1,0
BRDA:70,6,2,0
BRDA:70,6,3,0
BRDA:80,7,0,0
BRDA:80,7,1,0
BRDA:80,7,2,0
BRDA:80,7,3,0
BRDA:90,8,0,0
BRDA:90,8,1,0
BRDA:90,8,2,0
BRDA:90,8,3,0
BRDA:90,8,4,0
BRDA:90,8,5,0
BRDA:90,8,6,0
BRDA:90,8,7,0
BRF:32
BRH:0
end_of_record
TN:
SF:game\logic\cards\breeding.js
FN:6,(anonymous_0)
FN:12,(anonymous_1)
FN:21,processBreedingEffects
FN:22,(anonymous_3)
FN:30,(anonymous_4)
FN:31,(anonymous_5)
FN:31,(anonymous_6)
FN:31,(anonymous_7)
FN:31,(anonymous_8)
FN:31,(anonymous_9)
FN:32,(anonymous_10)
FN:33,(anonymous_11)
FN:33,(anonymous_12)
FN:108,(anonymous_13)
FN:117,processBreedingEffectsAtAnchor
FN:118,(anonymous_15)
FN:125,(anonymous_16)
FN:129,(anonymous_17)
FN:129,(anonymous_18)
FN:129,(anonymous_19)
FN:129,(anonymous_20)
FN:129,(anonymous_21)
FN:130,(anonymous_22)
FN:131,(anonymous_23)
FN:131,(anonymous_24)
FNF:25
FNH:17
FNDA:18,(anonymous_0)
FNDA:18,(anonymous_1)
FNDA:26,processBreedingEffects
FNDA:0,(anonymous_3)
FNDA:8,(anonymous_4)
FNDA:2,(anonymous_5)
FNDA:2,(anonymous_6)
FNDA:0,(anonymous_7)
FNDA:2,(anonymous_8)
FNDA:2,(anonymous_9)
FNDA:2,(anonymous_10)
FNDA:0,(anonymous_11)
FNDA:0,(anonymous_12)
FNDA:7,(anonymous_13)
FNDA:3,processBreedingEffectsAtAnchor
FNDA:0,(anonymous_15)
FNDA:3,(anonymous_16)
FNDA:1,(anonymous_17)
FNDA:1,(anonymous_18)
FNDA:0,(anonymous_19)
FNDA:1,(anonymous_20)
FNDA:1,(anonymous_21)
FNDA:1,(anonymous_22)
FNDA:0,(anonymous_23)
FNDA:0,(anonymous_24)
DA:6,18
DA:7,18
DA:8,18
DA:10,0
DA:15,18
DA:17,18
DA:18,0
DA:22,26
DA:23,26
DA:24,26
DA:25,26
DA:26,26
DA:27,26
DA:28,26
DA:30,26
DA:31,26
DA:32,26
DA:33,26
DA:35,26
DA:37,26
DA:38,4
DA:41,4
DA:42,0
DA:43,0
DA:47,4
DA:50,4
DA:51,4
DA:52,4
DA:53,4
DA:56,4
DA:57,4
DA:58,12
DA:59,36
DA:60,32
DA:61,32
DA:62,32
DA:63,26
DA:68,4
DA:69,4
DA:70,4
DA:71,4
DA:72,4
DA:73,4
DA:74,2
DA:76,2
DA:79,4
DA:81,4
DA:82,0
DA:83,0
DA:85,0
DA:87,0
DA:88,0
DA:89,0
DA:90,0
DA:91,0
DA:96,4
DA:97,2
DA:98,2
DA:99,1
DA:101,1
DA:103,2
DA:108,26
DA:110,26
DA:111,0
DA:114,26
DA:118,3
DA:119,3
DA:120,3
DA:121,3
DA:122,3
DA:123,3
DA:125,3
DA:126,3
DA:127,3
DA:129,3
DA:130,3
DA:131,3
DA:133,3
DA:134,3
DA:135,3
DA:136,9
DA:137,27
DA:138,24
DA:139,24
DA:140,24
DA:141,22
DA:146,3
DA:147,3
DA:148,3
DA:149,3
DA:151,3
DA:152,3
DA:153,2
DA:155,1
DA:158,3
DA:160,3
DA:161,0
DA:162,0
DA:164,0
DA:166,0
DA:167,0
DA:168,0
DA:169,0
DA:170,0
DA:175,3
DA:176,0
DA:179,3
DA:182,18
LF:108
LH:86
BRDA:7,0,0,18
BRDA:7,0,1,0
BRDA:7,1,0,18
BRDA:7,1,1,18
BRDA:12,2,0,0
BRDA:12,2,1,18
BRDA:15,3,0,18
BRDA:15,3,1,0
BRDA:17,4,0,0
BRDA:17,4,1,18
BRDA:17,5,0,18
BRDA:17,5,1,18
BRDA:17,5,2,18
BRDA:17,5,3,18
BRDA:21,6,0,2
BRDA:22,7,0,26
BRDA:22,7,1,5
BRDA:22,7,2,0
BRDA:23,8,0,25
BRDA:23,8,1,1
BRDA:23,9,0,25
BRDA:23,9,1,0
BRDA:23,10,0,1
BRDA:23,10,1,0
BRDA:30,11,0,26
BRDA:30,11,1,0
BRDA:31,12,0,26
BRDA:31,12,1,2
BRDA:31,13,0,2
BRDA:31,13,1,0
BRDA:31,14,0,2
BRDA:31,14,1,0
BRDA:31,15,0,2
BRDA:31,15,1,2
BRDA:31,15,2,2
BRDA:31,15,3,0
BRDA:31,16,0,2
BRDA:31,16,1,0
BRDA:32,17,0,26
BRDA:32,17,1,2
BRDA:33,18,0,26
BRDA:33,18,1,2
BRDA:33,19,0,0
BRDA:33,19,1,0
BRDA:33,20,0,0
BRDA:33,20,1,0
BRDA:38,21,0,0
BRDA:38,21,1,4
BRDA:41,22,0,0
BRDA:41,22,1,4
BRDA:47,23,0,0
BRDA:47,23,1,4
BRDA:47,24,0,4
BRDA:47,24,1,4
BRDA:52,25,0,0
BRDA:52,25,1,4
BRDA:59,26,0,4
BRDA:59,26,1,32
BRDA:59,27,0,36
BRDA:59,27,1,12
BRDA:62,28,0,26
BRDA:62,28,1,6
BRDA:62,29,0,32
BRDA:62,29,1,32
BRDA:62,29,2,32
BRDA:62,29,3,32
BRDA:62,29,4,32
BRDA:68,30,0,4
BRDA:68,30,1,0
BRDA:73,31,0,2
BRDA:73,31,1,2
BRDA:73,32,0,4
BRDA:73,32,1,2
BRDA:79,33,0,2
BRDA:79,33,1,2
BRDA:82,34,0,0
BRDA:82,34,1,0
BRDA:82,35,0,0
BRDA:82,35,1,0
BRDA:89,36,0,0
BRDA:89,36,1,0
BRDA:96,37,0,2
BRDA:96,37,1,2
BRDA:98,38,0,1
BRDA:98,38,1,1
[...]
FN:260,(anonymous_15)
FN:261,(anonymous_16)
FN:264,(anonymous_17)
FN:297,(anonymous_18)
FN:300,(anonymous_19)
FN:324,(anonymous_20)
FN:324,(anonymous_21)
FNF:22
FNH:0
FNDA:0,processHyperactiveMovesAtTurnStart
FNDA:0,(anonymous_1)
FNDA:0,(anonymous_2)
FNDA:0,(anonymous_3)
FNDA:0,(anonymous_4)
FNDA:0,(anonymous_5)
FNDA:0,(anonymous_6)
FNDA:0,(anonymous_7)
FNDA:0,(anonymous_8)
FNDA:0,(anonymous_9)
FNDA:0,(anonymous_10)
FNDA:0,(anonymous_11)
FNDA:0,processHyperactiveImmediateAtPlacement
FNDA:0,(anonymous_13)
FNDA:0,(anonymous_14)
FNDA:0,(anonymous_15)
FNDA:0,(anonymous_16)
FNDA:0,(anonymous_17)
FNDA:0,(anonymous_18)
FNDA:0,(anonymous_19)
FNDA:0,(anonymous_20)
FNDA:0,(anonymous_21)
DA:15,0
DA:18,0
DA:19,0
DA:20,0
DA:21,0
DA:22,0
DA:23,0
DA:25,0
DA:26,0
DA:31,0
DA:38,0
DA:39,0
DA:40,0
DA:42,0
DA:43,0
DA:45,0
DA:46,0
DA:48,0
DA:49,0
DA:50,0
DA:51,0
DA:52,0
DA:53,0
DA:57,0
DA:59,0
DA:61,0
DA:62,0
DA:67,0
DA:68,0
DA:69,0
DA:71,0
DA:72,0
DA:74,0
DA:75,0
DA:77,0
DA:78,0
DA:80,0
DA:81,0
DA:85,0
DA:86,0
DA:87,0
DA:90,0
DA:91,0
DA:92,0
DA:95,0
DA:97,0
DA:99,0
DA:100,0
DA:101,0
DA:102,0
DA:103,0
DA:104,0
DA:108,0
DA:110,0
DA:111,0
DA:112,0
DA:114,0
DA:115,0
DA:116,0
DA:117,0
DA:118,0
DA:119,0
DA:122,0
DA:123,0
DA:124,0
DA:125,0
DA:126,0
DA:127,0
DA:131,0
DA:132,0
DA:134,0
DA:135,0
DA:136,0
DA:137,0
DA:138,0
DA:142,0
DA:144,0
DA:145,0
DA:146,0
DA:147,0
DA:148,0
DA:151,0
DA:163,0
DA:164,0
DA:165,0
DA:166,0
DA:168,0
DA:169,0
DA:170,0
DA:171,0
DA:173,0
DA:174,0
DA:175,0
DA:182,0
DA:184,0
DA:186,0
DA:190,0
DA:191,0
DA:203,0
DA:206,0
DA:207,0
DA:208,0
DA:211,0
DA:212,0
DA:213,0
DA:215,0
DA:216,0
DA:218,0
DA:219,0
DA:221,0
DA:222,0
DA:226,0
DA:227,0
DA:228,0
DA:231,0
DA:232,0
DA:233,0
DA:236,0
DA:238,0
DA:239,0
DA:241,0
DA:242,0
DA:243,0
DA:244,0
DA:245,0
DA:246,0
DA:250,0
DA:251,0
DA:252,0
DA:253,0
DA:254,0
DA:256,0
DA:259,0
DA:260,0
DA:261,0
DA:262,0
DA:263,0
DA:264,0
DA:267,0
DA:268,0
DA:269,0
DA:272,0
DA:274,0
DA:275,0
DA:276,0
DA:277,0
DA:278,0
DA:281,0
DA:292,0
DA:293,0
DA:294,0
DA:295,0
DA:297,0
DA:298,0
DA:299,0
DA:300,0
DA:302,0
DA:303,0
DA:304,0
DA:308,0
DA:309,0
DA:310,0
DA:311,0
DA:312,0
DA:313,0
DA:314,0
DA:319,0
DA:320,0
DA:323,0
DA:324,0
DA:328,0
DA:329,0
DA:330,0
LF:173
LH:0
BRDA:14,0,0,0
BRDA:14,1,0,0
BRDA:15,2,0,0
BRDA:15,2,1,0
BRDA:19,3,0,0
BRDA:19,3,1,0
BRDA:20,4,0,0
BRDA:20,4,1,0
BRDA:21,5,0,0
BRDA:21,5,1,0
BRDA:22,6,0,0
BRDA:22,6,1,0
BRDA:22,7,0,0
BRDA:22,7,1,0
BRDA:39,8,0,0
BRDA:39,8,1,0
BRDA:39,9,0,0
BRDA:39,9,1,0
BRDA:40,10,0,0
BRDA:40,10,1,0
BRDA:42,11,0,0
BRDA:42,11,1,0
BRDA:42,12,0,0
BRDA:42,12,1,0
BRDA:43,13,0,0
BRDA:43,13,1,0
BRDA:45,14,0,0
BRDA:45,14,1,0
BRDA:45,15,0,0
BRDA:45,15,1,0
BRDA:46,16,0,0
BRDA:46,16,1,0
BRDA:48,17,0,0
BRDA:48,17,1,0
BRDA:48,18,0,0
BRDA:48,18,1,0
BRDA:50,19,0,0
BRDA:50,19,1,0
BRDA:51,20,0,0
BRDA:51,20,1,0
BRDA:52,21,0,0
BRDA:52,21,1,0
BRDA:57,22,0,0
BRDA:57,22,1,0
BRDA:57,23,0,0
BRDA:57,23,1,0
BRDA:59,24,0,0
BRDA:59,24,1,0
BRDA:61,25,0,0
BRDA:61,25,1,0
BRDA:61,26,0,0
BRDA:61,26,1,0
BRDA:62,27,0,0
BRDA:62,27,1,0
BRDA:67,28,0,0
BRDA:67,28,1,0
BRDA:68,29,0,0
BRDA:68,29,1,0
BRDA:69,30,0,0
BRDA:69,30,1,0
BRDA:71,31,0,0
BRDA:71,31,1,0
BRDA:71,32,0,0
BRDA:71,32,1,0
BRDA:74,33,0,0
BRDA:74,33,1,0
BRDA:74,34,0,0
BRDA:74,34,1,0
BRDA:77,35,0,0
BRDA:77,35,1,0
BRDA:80,36,0,0
BRDA:80,36,1,0
BRDA:85,37,0,0
BRDA:85,37,1,0
BRDA:85,38,0,0
BRDA:85,38,1,0
BRDA:90,39,0,0
BRDA:90,39,1,0
BRDA:90,40,0,0
BRDA:90,40,1,0
BRDA:97,41,0,0
BRDA:97,41,1,0
BRDA:101,42,0,0
BRDA:101,42,1,0
BRDA:102,43,0,0
BRDA:102,43,1,0
BRDA:104,44,0,0
BRDA:104,44,1,0
BRDA:108,45,0,0
BRDA:108,45,1,0
BRDA:112,46,0,0
BRDA:112,46,1,0
BRDA:114,47,0,0
BRDA:114,47,1,0
BRDA:114,48,0,0
BRDA:114,48,1,0
BRDA:114,49,0,0
BRDA:114,49,1,0
BRDA:115,50,0,0
BRDA:115,50,1,0
BRDA:115,51,0,0
BRDA:115,51,1,0
BRDA:115,52,0,0
BRDA:115,52,1,0
BRDA:116,53,0,0
BRDA:116,53,1,0
BRDA:116,54,0,0
BRDA:116,54,1,0
BRDA:117,55,0,0
BRDA:117,55,1,0
BRDA:125,56,0,0
BRDA:125,56,1,0
BRDA:125,57,0,0
BRDA:125,57,1,0
BRDA:132,58,0,0
BRDA:132,58,1,0
BRDA:134,59,0,0
BRDA:134,59,1,0
BRDA:134,60,0,0
BRDA:134,60,1,0
BRDA:134,61,0,0
BRDA:134,61,1,0
BRDA:135,62,0,0
BRDA:135,62,1,0
BRDA:135,63,0,0
BRDA:135,63,1,0
BRDA:135,64,0,0
BRDA:135,64,1,0
BRDA:136,65,0,0
BRDA:136,65,1,0
BRDA:136,66,0,0
BRDA:136,66,1,0
BRDA:137,67,0,0
BRDA:137,67,1,0
BRDA:142,68,0,0
BRDA:142,68,1,0
BRDA:147,69,0,0
BRDA:147,69,1,0
BRDA:148,70,0,0
BRDA:148,70,1,0
BRDA:163,71,0,0
BRDA:163,71,1,0
BRDA:169,72,0,0
BRDA:169,72,1,0
BRDA:182,73,0,0
BRDA:182,73,1,0
BRDA:202,74,0,0
BRDA:203,75,0,0
BRDA:203,75,1,0
BRDA:206,76,0,0
BRDA:206,76,1,0
BRDA:213,77,0,0
BRDA:213,77,1,0
BRDA:215,78,0,0
BRDA:215,78,1,0
BRDA:216,79,0,0
BRDA:216,79,1,0
BRDA:218,80,0,0
BRDA:218,80,1,0
BRDA:218,81,0,0
BRDA:218,81,1,0
BRDA:221,82,0,0
BRDA:221,82,1,0
BRDA:221,83,0,0
BRDA:221,83,1,0
BRDA:226,84,0,0
BRDA:226,84,1,0
BRDA:226,85,0,0
BRDA:226,85,1,0
BRDA:231,86,0,0
BRDA:231,86,1,0
BRDA:231,87,0,0
BRDA:231,87,1,0
BRDA:238,88,0,0
BRDA:238,88,1,0
BRDA:239,89,0,0
BRDA:239,89,1,0
BRDA:243,90,0,0
BRDA:243,90,1,0
BRDA:244,91,0,0
BRDA:244,91,1,0
BRDA:246,92,0,0
BRDA:246,92,1,0
BRDA:254,93,0,0
BRDA:254,93,1,0
BRDA:262,94,0,0
BRDA:262,94,1,0
BRDA:262,95,0,0
BRDA:262,95,1,0
BRDA:268,96,0,0
BRDA:268,96,1,0
BRDA:272,97,0,0
BRDA:272,97,1,0
BRDA:277,98,0,0
BRDA:277,98,1,0
BRDA:278,99,0,0
BRDA:278,99,1,0
BRDA:292,100,0,0
BRDA:292,100,1,0
BRDA:298,101,0,0
BRDA:298,101,1,0
BRDA:308,102,0,0
BRDA:308,102,1,0
BRDA:309,103,0,0
BRDA:309,103,1,0
BRDA:312,104,0,0
BRDA:312,104,1,0
BRDA:312,105,0,0
BRDA:312,105,1,0
BRDA:313,106,0,0
BRDA:313,106,1,0
BRDA:314,107,0,0
BRDA:314,107,1,0
BRDA:323,108,0,0
BRDA:323,108,1,0
BRDA:323,109,0,0
BRDA:323,109,1,0
BRDA:328,110,0,0
BRDA:328,110,1,0
BRF:219
BRH:0
end_of_record
TN:
SF:game\special-effects\protections.js
FN:12,processExpiredProtectionsAtTurnEnd
FN:14,(anonymous_1)
FN:18,(anonymous_2)
FN:23,(anonymous_3)
FN:28,(anonymous_4)
FN:41,animateProtectionExpireAt
FN:52,(anonymous_6)
FNF:7
FNH:0
FNDA:0,processExpiredProtectionsAtTurnEnd
FNDA:0,(anonymous_1)
FNDA:0,(anonymous_2)
FNDA:0,(anonymous_3)
FNDA:0,(anonymous_4)
FNDA:0,animateProtectionExpireAt
FNDA:0,(anonymous_6)
DA:14,0
DA:15,0
DA:18,0
DA:20,0
DA:23,0
DA:24,0
DA:27,0
DA:28,0
DA:32,0
DA:33,0
DA:42,0
DA:43,0
DA:45,0
DA:46,0
DA:49,0
DA:52,0
DA:55,0
DA:56,0
DA:59,0
DA:60,0
LF:20
LH:0
BRDA:14,0,0,0
BRDA:14,0,1,0
BRDA:15,1,0,0
BRDA:15,1,1,0
BRDA:20,2,0,0
BRDA:20,2,1,0
BRDA:28,3,0,0
BRDA:28,3,1,0
BRDA:43,4,0,0
BRDA:43,4,1,0
BRDA:46,5,0,0
BRDA:46,5,1,0
BRDA:59,6,0,0
BRDA:59,6,1,0
BRF:14
BRH:0
end_of_record
TN:
SF:game\special-effects\udg.js
FN:12,processUltimateDestroyGodsAtTurnStart
FN:13,(anonymous_1)
FN:67,(anonymous_2)
FN:91,processUltimateDestroyGodImmediateAtPlacement
FN:99,(anonymous_4)
FNF:5
FNH:0
FNDA:0,processUltimateDestroyGodsAtTurnStart
FNDA:0,(anonymous_1)
FNDA:0,(anonymous_2)
FNDA:0,processUltimateDestroyGodImmediateAtPlacement
FNDA:0,(anonymous_4)
DA:13,0
DA:14,0
DA:16,0
DA:18,0
DA:19,0
DA:20,0
DA:22,0
DA:23,0
DA:24,0
DA:25,0
DA:27,0
DA:28,0
DA:30,0
DA:31,0
DA:36,0
DA:37,0
DA:42,0
DA:43,0
DA:44,0
DA:45,0
DA:46,0
DA:47,0
DA:49,0
DA:50,0
DA:51,0
DA:52,0
DA:53,0
DA:55,0
DA:59,0
DA:60,0
DA:64,0
DA:65,0
DA:66,0
DA:67,0
DA:71,0
DA:72,0
DA:73,0
DA:74,0
DA:75,0
DA:79,0
DA:80,0
DA:92,0
DA:93,0
DA:95,0
DA:96,0
DA:97,0
DA:98,0
DA:99,0
DA:102,0
DA:103,0
DA:106,0
DA:107,0
DA:108,0
LF:53
LH:0
BRDA:12,0,0,0
BRDA:12,1,0,0
BRDA:13,2,0,0
BRDA:13,2,1,0
BRDA:14,3,0,0
BRDA:14,3,1,0
BRDA:16,4,0,0
BRDA:16,4,1,0
BRDA:19,5,0,0
BRDA:19,5,1,0
BRDA:20,6,0,0
BRDA:20,6,1,0
BRDA:20,7,0,0
BRDA:20,7,1,0
BRDA:24,8,0,0
BRDA:24,8,1,0
BRDA:24,9,0,0
BRDA:24,9,1,0
BRDA:25,10,0,0
BRDA:25,10,1,0
BRDA:27,11,0,0
BRDA:27,11,1,0
BRDA:27,12,0,0
BRDA:27,12,1,0
BRDA:28,13,0,0
BRDA:28,13,1,0
BRDA:30,14,0,0
BRDA:30,14,1,0
BRDA:30,15,0,0
BRDA:30,15,1,0
BRDA:31,16,0,0
BRDA:31,16,1,0
BRDA:42,17,0,0
BRDA:42,17,1,0
BRDA:42,18,0,0
BRDA:42,18,1,0
BRDA:45,19,0,0
BRDA:45,19,1,0
BRDA:47,20,0,0
BRDA:47,20,1,0
BRDA:50,21,0,0
BRDA:50,21,1,0
BRDA:59,22,0,0
BRDA:59,22,1,0
BRDA:64,23,0,0
BRDA:64,23,1,0
BRDA:71,24,0,0
BRDA:71,24,1,0
BRDA:71,25,0,0
BRDA:71,25,1,0
BRDA:91,26,0,0
BRDA:92,27,0,0
BRDA:92,27,1,0
BRDA:93,28,0,0
BRDA:93,28,1,0
BRDA:95,29,0,0
BRDA:95,29,1,0
BRDA:106,30,0,0
BRDA:106,30,1,0
BRF:59
BRH:0
end_of_record
TN:
SF:game\turn\pipeline_ui_adapter.js
FN:7,(anonymous_0)
FN:13,(anonymous_1)
FN:18,getVisualStateAt
FN:27,(anonymous_3)
FN:36,(anonymous_4)
FN:50,mapToPlaybackEvents
FN:123,runTurnWithAdapter
FN:133,(anonymous_7)
FNF:8
FNH:5
FNDA:3,(anonymous_0)
FNDA:3,(anonymous_1)
FNDA:0,getVisualStateAt
FNDA:0,(anonymous_3)
FNDA:0,(anonymous_4)
FNDA:2,mapToPlaybackEvents
FNDA:2,runTurnWithAdapter
FNDA:1,(anonymous_7)
DA:7,3
DA:8,3
DA:9,3
DA:11,0
DA:19,0
DA:20,0
DA:23,0
DA:24,0
DA:26,0
DA:27,0
DA:28,0
DA:29,0
DA:30,0
DA:35,0
DA:36,0
DA:37,0
DA:38,0
DA:39,0
DA:43,0
DA:51,2
DA:52,2
DA:54,2
DA:55,6
DA:65,6
DA:67,2
DA:68,2
DA:69,2
DA:71,1
DA:72,1
DA:73,1
DA:74,1
DA:75,1
DA:77,2
DA:78,2
DA:79,2
DA:80,2
DA:81,2
DA:83,1
DA:84,1
DA:85,1
DA:86,1
DA:87,1
DA:90,0
DA:91,0
DA:97,6
DA:98,6
DA:100,6
DA:101,4
DA:106,2
DA:107,1
DA:109,1
DA:114,6
DA:117,2
DA:124,2
DA:127,2
DA:128,2
DA:129,1
DA:130,1
DA:131,0
DA:132,1
DA:133,1
DA:137,2
DA:138,2
DA:141,2
DA:145,2
DA:146,1
DA:150,1
DA:151,1
DA:153,1
DA:163,3
LF:70
LH:51
BRDA:8,0,0,3
BRDA:8,0,1,0
BRDA:8,1,0,3
BRDA:8,1,1,3
BRDA:13,2,0,0
BRDA:13,2,1,3
BRDA:19,3,0,0
BRDA:19,3,1,0
BRDA:19,4,0,0
BRDA:19,4,1,0
BRDA:26,5,0,0
BRDA:26,5,1,0
BRDA:26,6,0,0
BRDA:26,6,1,0
BRDA:27,7,0,0
BRDA:27,7,1,0
BRDA:28,8,0,0
BRDA:28,8,1,0
BRDA:35,9,0,0
BRDA:35,9,1,0
BRDA:35,10,0,0
BRDA:35,10,1,0
BRDA:35,10,2,0
BRDA:36,11,0,0
BRDA:36,11,1,0
BRDA:37,12,0,0
BRDA:37,12,1,0
BRDA:54,13,0,2
BRDA:54,13,1,0
BRDA:60,14,0,6
BRDA:60,14,1,0
BRDA:61,15,0,3
BRDA:61,15,1,3
BRDA:61,16,0,3
BRDA:61,16,1,0
BRDA:61,17,0,3
BRDA:61,17,1,3
BRDA:62,18,0,3
BRDA:62,18,1,3
BRDA:65,19,0,2
BRDA:65,19,1,1
BRDA:65,19,2,2
BRDA:65,19,3,1
BRDA:65,19,4,0
BRDA:97,20,0,6
BRDA:97,20,1,0
BRDA:100,21,0,4
BRDA:100,21,1,2
BRDA:102,22,0,3
BRDA:102,22,1,1
BRDA:103,23,0,4
BRDA:103,23,1,3
BRDA:103,23,2,3
BRDA:104,24,0,4
BRDA:104,24,1,3
BRDA:104,24,2,3
BRDA:106,25,0,1
BRDA:106,25,1,1
BRDA:114,26,0,6
BRDA:114,26,1,0
BRDA:124,27,0,0
BRDA:124,27,1,2
BRDA:128,28,0,1
BRDA:128,28,1,1
BRDA:128,29,0,2
BRDA:128,29,1,1
BRDA:130,30,0,0
BRDA:130,30,1,1
BRDA:132,31,0,1
BRDA:132,31,1,0
BRDA:137,32,0,2
BRDA:137,32,1,0
BRDA:137,33,0,2
BRDA:137,33,1,2
BRDA:141,34,0,2
BRDA:141,34,1,0
BRDA:145,35,0,1
BRDA:145,35,1,1
BRDA:146,36,0,1
BRDA:146,36,1,0
BRDA:150,37,0,1
BRDA:150,37,1,0
BRDA:150,37,2,0
BRDA:150,37,3,0
BRF:84
BRH:46
end_of_record
TN:
SF:game\turn\turn_pipeline.js
FN:6,(anonymous_0)
FN:17,(anonymous_1)
FN:33,applyTurn
FN:84,applyTurnSafe
FNF:4
FNH:4
FNDA:17,(anonymous_0)
FNDA:17,(anonymous_1)
FNDA:24,applyTurn
FNDA:15,applyTurnSafe
DA:6,17
DA:7,17
DA:8,17
DA:15,0
DA:18,17
DA:19,0
DA:21,17
DA:22,0
DA:34,24
DA:35,24
DA:37,24
DA:40,23
DA:44,23
DA:46,23
DA:47,23
DA:49,0
DA:51,23
DA:52,23
DA:54,23
DA:55,23
DA:57,0
DA:62,23
DA:66,23
DA:85,15
DA:86,15
DA:87,15
DA:88,15
DA:89,15
DA:94,15
DA:95,2
DA:96,2
DA:97,2
DA:100,13
DA:101,1
DA:102,1
DA:103,1
DA:106,12
DA:107,1
DA:108,1
DA:109,1
DA:113,11
DA:114,11
DA:117,10
DA:118,10
DA:119,10
DA:120,10
DA:122,0
DA:124,0
DA:125,0
DA:127,10
DA:128,10
DA:129,10
DA:130,0
DA:131,0
DA:136,10
DA:139,10
DA:140,10
DA:141,10
DA:142,10
DA:144,0
DA:146,0
DA:147,0
DA:149,10
DA:150,10
DA:154,9
DA:164,2
DA:166,2
DA:167,2
DA:168,2
DA:169,2
DA:170,2
DA:171,2
DA:173,2
DA:175,2
DA:187,17
LF:75
LH:62
BRDA:7,0,0,17
BRDA:7,0,1,0
BRDA:7,1,0,17
BRDA:7,1,1,17
BRDA:15,2,0,0
BRDA:15,2,1,0
BRDA:17,3,0,0
BRDA:17,3,1,17
BRDA:18,4,0,0
BRDA:18,4,1,17
BRDA:18,5,0,17
BRDA:18,5,1,17
BRDA:21,6,0,0
BRDA:21,6,1,17
BRDA:35,7,0,24
BRDA:35,7,1,6
BRDA:44,8,0,3
BRDA:44,8,1,20
BRDA:44,9,0,23
BRDA:44,9,1,23
BRDA:44,10,0,23
BRDA:44,10,1,0
BRDA:46,11,0,23
BRDA:46,11,1,0
BRDA:46,12,0,23
BRDA:46,12,1,23
BRDA:54,13,0,23
BRDA:54,13,1,0
BRDA:54,14,0,23
BRDA:54,14,1,23
BRDA:62,15,0,23
BRDA:62,15,1,0
BRDA:64,16,0,0
BRDA:64,16,1,0
BRDA:85,17,0,15
BRDA:85,17,1,0
BRDA:85,18,0,0
BRDA:85,18,1,0
BRDA:85,19,0,0
BRDA:85,19,1,0
BRDA:86,20,0,0
BRDA:86,20,1,15
BRDA:89,21,0,14
BRDA:89,21,1,1
BRDA:89,22,0,15
BRDA:89,22,1,14
BRDA:94,23,0,2
BRDA:94,23,1,13
BRDA:94,24,0,15
BRDA:94,24,1,15
BRDA:94,24,2,5
BRDA:94,24,3,5
BRDA:95,25,0,2
BRDA:95,25,1,0
BRDA:100,26,0,1
BRDA:100,26,1,12
BRDA:100,27,0,13
BRDA:100,27,1,13
BRDA:100,27,2,1
BRDA:100,27,3,1
BRDA:101,28,0,1
BRDA:101,28,1,0
BRDA:106,29,0,1
BRDA:106,29,1,11
BRDA:106,30,0,12
BRDA:106,30,1,11
BRDA:107,31,0,1
BRDA:107,31,1,0
BRDA:118,32,0,10
BRDA:118,32,1,0
BRDA:124,33,0,0
BRDA:124,33,1,0
BRDA:127,34,0,10
BRDA:127,34,1,0
BRDA:127,35,0,10
BRDA:127,35,1,10
BRDA:129,36,0,0
BRDA:129,36,1,10
BRDA:140,37,0,10
BRDA:140,37,1,0
BRDA:146,38,0,0
BRDA:146,38,1,0
BRDA:149,39,0,3
BRDA:149,39,1,7
BRDA:149,40,0,10
BRDA:149,40,1,9
BRDA:149,41,0,0
BRDA:149,41,1,7
BRDA:149,42,0,7
BRDA:149,42,1,2
BRDA:150,43,0,10
BRDA:150,43,1,0
BRDA:150,44,0,10
BRDA:150,44,1,10
BRDA:150,44,2,10
BRDA:159,45,0,9
BRDA:159,45,1,0
BRDA:164,46,0,2
BRDA:164,46,1,0
BRDA:164,47,0,2
BRDA:164,47,1,2
BRDA:167,48,0,0
BRDA:167,48,1,2
BRDA:168,49,0,0
BRDA:168,49,1,2
BRDA:169,50,0,0
BRDA:169,50,1,2
BRDA:170,51,0,0
BRDA:170,51,1,2
BRDA:171,52,0,1
BRDA:171,52,1,1
BRF:111
BRH:74
end_of_record
TN:
SF:game\turn\turn_pipeline_phases.js
FN:6,(anonymous_0)
FN:12,(anonymous_1)
FN:13,applyTurnStartPhase
FN:106,applyCardUsagePhase
FN:116,applyActionPhase
FN:225,(anonymous_5)
FN:236,(anonymous_6)
FN:246,(anonymous_7)
FN:258,(anonymous_8)
FNF:9
FNH:6
FNDA:18,(anonymous_0)
FNDA:18,(anonymous_1)
FNDA:25,applyTurnStartPhase
FNDA:23,applyCardUsagePhase
FNDA:23,applyActionPhase
FNDA:14,(anonymous_5)
FNDA:0,(anonymous_6)
FNDA:0,(anonymous_7)
FNDA:0,(anonymous_8)
DA:6,18
DA:7,18
DA:8,18
DA:10,0
DA:14,25
DA:16,25
DA:17,24
DA:18,23
DA:21,23
DA:22,22
DA:23,0
DA:26,22
DA:27,22
DA:28,0
DA:30,22
DA:31,0
DA:34,22
DA:35,22
DA:37,0
DA:38,0
DA:40,22
DA:41,0
DA:44,22
DA:45,22
DA:46,0
DA:48,22
DA:50,0
DA:51,0
DA:53,22
DA:54,0
DA:57,22
DA:58,22
DA:59,2
DA:61,22
DA:62,1
DA:64,22
DA:65,1
DA:66,1
DA:67,1
DA:69,1
DA:70,0
DA:72,1
DA:76,22
DA:77,22
DA:78,22
DA:79,22
DA:80,44
DA:81,44
DA:82,1
DA:83,1
DA:84,1
DA:85,1
DA:87,22
DA:88,1
DA:90,22
DA:91,1
DA:93,22
DA:95,1
DA:96,1
DA:97,1
DA:98,1
DA:99,1
DA:101,1
DA:107,23
DA:108,9
DA:109,9
DA:110,0
DA:112,9
DA:117,23
DA:119,23
DA:120,9
DA:121,9
DA:122,9
DA:123,14
DA:125,14
DA:126,14
DA:127,0
DA:134,0
DA:135,14
DA:136,0
DA:138,14
DA:139,0
DA:146,0
DA:147,14
DA:148,0
DA:150,14
DA:151,0
DA:158,0
DA:159,14
DA:160,0
DA:164,14
DA:165,14
DA:168,14
DA:169,14
DA:170,14
DA:172,14
DA:173,0
DA:174,0
DA:175,0
DA:176,0
DA:177,0
DA:180,0
DA:184,14
DA:185,0
DA:186,0
DA:189,14
DA:190,14
DA:192,14
DA:193,0
DA:197,14
DA:198,14
DA:199,0
DA:203,14
DA:205,14
DA:206,14
DA:207,14
DA:208,14
DA:210,14
DA:211,14
DA:212,14
DA:214,0
DA:215,0
DA:218,14
DA:219,14
DA:220,14
DA:221,14
DA:224,14
DA:225,14
DA:226,14
DA:230,14
DA:231,14
DA:232,14
DA:233,0
DA:235,14
DA:236,0
DA:237,0
DA:238,0
DA:243,14
DA:244,14
DA:245,14
DA:246,0
DA:247,0
DA:248,0
DA:252,14
DA:253,0
DA:254,0
DA:255,0
DA:257,0
DA:258,0
DA:259,0
DA:260,0
DA:266,14
DA:267,14
DA:270,14
DA:271,2
DA:272,2
DA:274,0
DA:276,2
DA:280,14
DA:281,1
DA:282,1
DA:283,1
DA:284,1
DA:287,14
DA:288,1
DA:289,1
DA:290,1
DA:292,1
DA:293,0
DA:294,0
DA:297,14
DA:298,0
DA:299,0
DA:300,0
DA:304,14
DA:305,1
DA:306,1
DA:307,1
DA:309,1
DA:310,0
DA:312,1
DA:313,1
DA:314,1
DA:319,14
DA:320,1
DA:321,1
DA:324,0
DA:328,18
LF:188
LH:132
BRDA:7,0,0,18
BRDA:7,0,1,0
BRDA:7,1,0,18
BRDA:7,1,1,18
BRDA:12,2,0,0
BRDA:12,2,1,18
BRDA:14,3,0,25
BRDA:14,3,1,7
BRDA:16,4,0,24
BRDA:16,4,1,1
BRDA:22,5,0,0
BRDA:22,5,1,22
BRDA:22,6,0,22
BRDA:22,6,1,22
BRDA:27,7,0,0
BRDA:27,7,1,22
BRDA:27,8,0,22
BRDA:27,8,1,22
BRDA:30,9,0,0
BRDA:30,9,1,22
BRDA:30,10,0,22
BRDA:30,10,1,22
BRDA:35,11,0,0
BRDA:35,11,1,22
BRDA:35,12,0,22
BRDA:35,12,1,22
BRDA:37,13,0,0
BRDA:37,13,1,0
BRDA:40,14,0,0
BRDA:40,14,1,22
BRDA:40,15,0,22
BRDA:40,15,1,22
BRDA:45,16,0,0
BRDA:45,16,1,22
BRDA:45,17,0,22
BRDA:45,17,1,22
BRDA:48,18,0,0
BRDA:48,18,1,22
BRDA:48,19,0,22
BRDA:48,19,1,22
BRDA:50,20,0,0
BRDA:50,20,1,0
BRDA:53,21,0,0
BRDA:53,21,1,22
BRDA:53,22,0,22
BRDA:53,22,1,22
BRDA:58,23,0,2
BRDA:58,23,1,20
BRDA:58,24,0,22
BRDA:58,24,1,22
BRDA:61,25,0,1
BRDA:61,25,1,21
BRDA:61,26,0,22
BRDA:61,26,1,22
BRDA:64,27,0,1
BRDA:64,27,1,21
BRDA:64,28,0,22
BRDA:64,28,1,22
BRDA:65,29,0,1
BRDA:65,29,1,0
BRDA:66,30,0,1
BRDA:66,30,1,0
BRDA:66,31,0,1
BRDA:66,31,1,1
BRDA:67,32,0,1
BRDA:67,32,1,1
BRDA:69,33,0,0
BRDA:69,33,1,1
BRDA:69,34,0,1
BRDA:69,34,1,1
BRDA:70,35,0,0
BRDA:70,35,1,0
BRDA:76,36,0,22
BRDA:76,36,1,0
BRDA:80,37,0,44
BRDA:80,37,1,0
BRDA:81,38,0,43
BRDA:81,38,1,1
BRDA:82,39,0,0
BRDA:82,39,1,1
BRDA:84,40,0,1
BRDA:84,40,1,0
BRDA:84,41,0,1
BRDA:84,41,1,1
BRDA:84,41,2,1
BRDA:85,42,0,1
BRDA:85,42,1,0
BRDA:85,43,0,1
BRDA:85,43,1,1
BRDA:85,43,2,1
BRDA:87,44,0,1
BRDA:87,44,1,21
BRDA:87,45,0,22
BRDA:87,45,1,1
BRDA:90,46,0,1
BRDA:90,46,1,21
BRDA:93,47,0,1
BRDA:93,47,1,21
BRDA:97,48,0,0
BRDA:97,48,1,1
BRDA:97,49,0,1
BRDA:97,49,1,0
BRDA:98,50,0,0
BRDA:98,50,1,1
BRDA:99,51,0,1
BRDA:99,51,1,1
BRDA:107,52,0,9
BRDA:107,52,1,14
BRDA:109,53,0,0
BRDA:109,53,1,9
BRDA:117,54,0,23
BRDA:117,54,1,5
BRDA:119,55,0,9
BRDA:119,55,1,14
BRDA:123,56,0,14
BRDA:123,56,1,0
BRDA:126,57,0,0
BRDA:126,57,1,14
BRDA:126,58,0,14
BRDA:126,58,1,9
BRDA:126,58,2,0
BRDA:135,59,0,0
BRDA:135,59,1,14
BRDA:135,60,0,14
BRDA:135,60,1,9
BRDA:135,60,2,0
BRDA:138,61,0,0
BRDA:138,61,1,14
BRDA:138,62,0,14
BRDA:138,62,1,9
BRDA:138,62,2,0
BRDA:146,63,0,0
BRDA:146,63,1,0
BRDA:147,64,0,0
BRDA:147,64,1,14
BRDA:147,65,0,14
BRDA:147,65,1,9
BRDA:147,65,2,0
BRDA:150,66,0,0
BRDA:150,66,1,14
BRDA:150,67,0,14
BRDA:150,67,1,9
BRDA:150,67,2,0
BRDA:158,68,0,0
BRDA:158,68,1,0
BRDA:159,69,0,0
BRDA:159,69,1,14
BRDA:159,70,0,14
BRDA:159,70,1,9
BRDA:159,70,2,0
BRDA:165,71,0,14
BRDA:165,71,1,0
BRDA:170,72,0,14
BRDA:170,72,1,0
BRDA:172,73,0,0
BRDA:172,73,1,14
BRDA:173,74,0,0
BRDA:173,74,1,0
BRDA:176,75,0,0
BRDA:176,75,1,0
BRDA:184,76,0,0
BRDA:184,76,1,14
BRDA:192,77,0,0
BRDA:192,77,1,14
BRDA:198,78,0,0
BRDA:198,78,1,14
BRDA:198,79,0,14
BRDA:198,79,1,0
BRDA:198,79,2,0
BRDA:203,80,0,14
BRDA:203,80,1,13
BRDA:205,81,0,14
BRDA:205,81,1,0
BRDA:205,82,0,14
BRDA:205,82,1,14
BRDA:212,83,0,14
BRDA:212,83,1,13
BRDA:219,84,0,14
BRDA:219,84,1,0
BRDA:219,85,0,14
BRDA:219,85,1,14
BRDA:224,86,0,14
BRDA:224,86,1,0
BRDA:224,87,0,14
BRDA:224,87,1,14
BRDA:230,88,0,14
BRDA:230,88,1,0
BRDA:230,89,0,14
BRDA:230,89,1,14
BRDA:232,90,0,0
BRDA:232,90,1,14
BRDA:232,91,0,14
BRDA:232,91,1,14
BRDA:235,92,0,0
BRDA:235,92,1,14
BRDA:235,93,0,14
BRDA:235,93,1,14
BRDA:243,94,0,14
BRDA:243,94,1,0
BRDA:245,95,0,0
BRDA:245,95,1,14
BRDA:245,96,0,14
BRDA:245,96,1,14
BRDA:245,96,2,14
BRDA:252,97,0,0
BRDA:252,97,1,14
BRDA:252,98,0,14
BRDA:252,98,1,14
BRDA:252,98,2,14
BRDA:252,98,3,0
BRDA:254,99,0,0
BRDA:254,99,1,0
BRDA:254,100,0,0
BRDA:254,100,1,0
BRDA:257,101,0,0
BRDA:257,101,1,0
BRDA:257,102,0,0
BRDA:257,102,1,0
BRDA:270,103,0,2
BRDA:270,103,1,12
BRDA:270,104,0,14
BRDA:270,104,1,14
BRDA:270,104,2,13
BRDA:271,105,0,2
BRDA:271,105,1,0
BRDA:271,106,0,2
BRDA:271,106,1,2
BRDA:280,107,0,1
BRDA:280,107,1,13
BRDA:280,108,0,14
BRDA:280,108,1,14
BRDA:280,108,2,1
BRDA:282,109,0,1
BRDA:282,109,1,0
BRDA:282,110,0,1
BRDA:282,110,1,1
BRDA:283,111,0,1
BRDA:283,111,1,0
BRDA:287,112,0,1
BRDA:287,112,1,13
BRDA:287,113,0,14
BRDA:287,113,1,14
BRDA:287,113,2,1
BRDA:289,114,0,1
BRDA:289,114,1,0
BRDA:289,115,0,1
BRDA:289,115,1,1
BRDA:292,116,0,0
BRDA:292,116,1,1
BRDA:292,117,0,1
BRDA:292,117,1,1
BRDA:293,118,0,0
BRDA:293,118,1,0
BRDA:297,119,0,0
BRDA:297,119,1,14
BRDA:297,120,0,14
BRDA:297,120,1,14
BRDA:297,120,2,0
BRDA:299,121,0,0
BRDA:299,121,1,0
BRDA:299,122,0,0
BRDA:299,122,1,0
BRDA:304,123,0,1
BRDA:304,123,1,13
BRDA:304,124,0,14
BRDA:304,124,1,14
BRDA:304,124,2,1
BRDA:306,125,0,1
BRDA:306,125,1,0
BRDA:306,126,0,1
BRDA:306,126,1,1
BRDA:309,127,0,0
BRDA:309,127,1,1
BRDA:309,128,0,1
BRDA:309,128,1,1
BRDA:312,129,0,1
BRDA:312,129,1,0
BRDA:312,130,0,1
BRDA:312,130,1,1
BRDA:313,131,0,1
BRDA:313,131,1,0
BRDA:319,132,0,1
BRDA:319,132,1,13
BRDA:320,133,0,1
BRDA:320,133,1,0
BRF:285
BRH:192
end_of_record
